[2022-03-22 10:36:13,792708] front.INFO  [NULL] [9e580bec] [NULL] [LogListener:onKernelRequestEarly:47] - INIT   [GET, /hotpot/html/, ::1, NULL, Mozilla/5.0 (Windows NT 10.0; WOW64) AppleWebKit/537.36 (KHTML, like Gecko) Chrome/99.0.4844.74 Safari/537.36]
[2022-03-22 10:36:13,852893] front.INFO  [445c537d] [9e580bec] [NULL] [LogListener:onKernelRequest:60] - PROCESS START ["homepage"]  [GET, /hotpot/html/, ::1, NULL, Mozilla/5.0 (Windows NT 10.0; WOW64) AppleWebKit/537.36 (KHTML, like Gecko) Chrome/99.0.4844.74 Safari/537.36]
[2022-03-22 10:36:14,789279] front.INFO  [445c537d] [9e580bec] [NULL] [LogListener:onKernelController:73] - LOGIC START ["homepage"]  [GET, /hotpot/html/, ::1, NULL, Mozilla/5.0 (Windows NT 10.0; WOW64) AppleWebKit/537.36 (KHTML, like Gecko) Chrome/99.0.4844.74 Safari/537.36]
[2022-03-22 10:36:18,852032] front.ERROR [445c537d] [9e580bec] [NULL] [LogListener:onKernelException:115] - Twig_Error_Runtime: An exception has been thrown during the rendering of a template ("User Warning: Unable to generate a URL for the named route "faq" as such route does not exist."). (uncaught exception) at E:\xampp\htdocs\hotpot\app\template\default\Block\customheader.twig line 31 {"exception":"[object] (Twig_Error_Runtime(code: 0): An exception has been thrown during the rendering of a template (\"User Warning: Unable to generate a URL for the named route \"faq\" as such route does not exist.\"). at E:\\xampp\\htdocs\\hotpot\\app\\template\\default\\Block\\customheader.twig:31, Symfony\\Component\\Debug\\Exception\\ContextErrorException(code: 0): User Warning: Unable to generate a URL for the named route \"faq\" as such route does not exist. at E:\\xampp\\htdocs\\hotpot\\src\\Eccube\\Twig\\Extension\\EccubeExtension.php:169)"}  [GET, /hotpot/html/, ::1, NULL, Mozilla/5.0 (Windows NT 10.0; WOW64) AppleWebKit/537.36 (KHTML, like Gecko) Chrome/99.0.4844.74 Safari/537.36]
[2022-03-22 10:36:18,958748] front.INFO  [445c537d] [9e580bec] [NULL] [LogListener:onKernelResponse:86] - LOGIC END ["homepage"]  [GET, /hotpot/html/, ::1, NULL, Mozilla/5.0 (Windows NT 10.0; WOW64) AppleWebKit/537.36 (KHTML, like Gecko) Chrome/99.0.4844.74 Safari/537.36]
[2022-03-22 10:36:18,961445] front.INFO  [445c537d] [9e580bec] [NULL] [LogListener:onKernelTerminate:95] - PROCESS END ["homepage"]  [GET, /hotpot/html/, ::1, NULL, Mozilla/5.0 (Windows NT 10.0; WOW64) AppleWebKit/537.36 (KHTML, like Gecko) Chrome/99.0.4844.74 Safari/537.36]
[2022-03-22 10:36:26,822415] front.INFO  [NULL] [30f2b672] [NULL] [LogListener:onKernelRequestEarly:47] - INIT   [GET, /hotpot/html/index_dev.php, ::1, NULL, Mozilla/5.0 (Windows NT 10.0; WOW64) AppleWebKit/537.36 (KHTML, like Gecko) Chrome/99.0.4844.74 Safari/537.36]
[2022-03-22 10:36:26,829976] front.INFO  [445c537d] [30f2b672] [NULL] [LogListener:onKernelRequest:60] - PROCESS START ["homepage"]  [GET, /hotpot/html/index_dev.php, ::1, NULL, Mozilla/5.0 (Windows NT 10.0; WOW64) AppleWebKit/537.36 (KHTML, like Gecko) Chrome/99.0.4844.74 Safari/537.36]
[2022-03-22 10:36:26,831016] front.DEBUG [445c537d] [30f2b672] [NULL] [log:log_debug:100] - ** before *****************************************:
   REMOTE_ADDR=::1
   SCRIPT_NAME=/hotpot/html/index_dev.php
   PATH_INFO=/
   BASE_PATH=/hotpot/html
   BASE_URL=/hotpot/html/index_dev.php
   SCHEME=http
   REMOTE_USER=
   HTTP_HOST=http://localhost
   REQUEST_URI=/hotpot/html/index_dev.php
   METHOD=GET
   LOCALE=ja
  [header] 0=[a:1:{i:0;s:0:"";}]
  [header] 0=[a:1:{i:0;s:9:"localhost";}]
  [header] 0=[a:1:{i:0;s:10:"keep-alive";}]
  [header] 0=[a:1:{i:0;s:64:"" Not A;Brand";v="99", "Chromium";v="99", "Google Chrome";v="99"";}]
  [header] 0=[a:1:{i:0;s:2:"?0";}]
  [header] 0=[a:1:{i:0;s:9:""Windows"";}]
  [header] 0=[a:1:{i:0;s:1:"1";}]
  [header] 0=[a:1:{i:0;s:109:"Mozilla/5.0 (Windows NT 10.0; WOW64) AppleWebKit/537.36 (KHTML, like Gecko) Chrome/99.0.4844.74 Safari/537.36";}]
  [header] 0=[a:1:{i:0;s:135:"text/html,application/xhtml+xml,application/xml;q=0.9,image/avif,image/webp,image/apng,*/*;q=0.8,application/signed-exchange;v=b3;q=0.9";}]
  [header] 0=[a:1:{i:0;s:8:"prefetch";}]
  [header] 0=[a:1:{i:0;s:4:"none";}]
  [header] 0=[a:1:{i:0;s:8:"navigate";}]
  [header] 0=[a:1:{i:0;s:2:"?1";}]
  [header] 0=[a:1:{i:0;s:8:"document";}]
  [header] 0=[a:1:{i:0;s:17:"gzip, deflate, br";}]
  [header] 0=[a:1:{i:0;s:14:"en-US,en;q=0.9";}]
  [header] 0=[a:1:{i:0;s:477:"device_view=full; _ga=GA1.1.459337277.1647398665; tuid=1647908643662; ivt=1; wordpress_test_cookie=WP%20Cookie%20check; wordpress_logged_in_8b5ddd3c5c657069fc24dc37e188dff9=484364_shop3%7C1649118262%7CpTqWfWs4QbNl6vjHODjTwr3in4aQcdxX85HYQXPlazE%7C5ff694699e46b347aa26ac92ff3490785d266d80f183c7b1ce55fdad781ba500; tk_ai=woo%3ApYL%2F0yk0tuytVE20HY8S5%2BYk; wp-settings-1=libraryContent%3Dbrowse%26editor%3Dtinymce; wp-settings-time-1=1647908665; eccube=60ksma71iep5t428e5399c3g28";}]
  [header] 0=[a:1:{i:0;i:1;}]
  [attributes] _controller=\Eccube\Controller\TopController::index
  [attributes] _route=homepage
  [attributes] _route_params=[a:0:{}]
  [cookie] device_view=full
  [cookie] _ga=GA1.1.459337277.1647398665
  [cookie] tuid=1647908643662
  [cookie] ivt=1
  [cookie] wordpress_test_cookie=WP Cookie check
  [cookie] wordpress_logged_in_8b5ddd3c5c657069fc24dc37e188dff9=484364_shop3|1649118262|pTqWfWs4QbNl6vjHODjTwr3in4aQcdxX85HYQXPlazE|5ff694699e46b347aa26ac92ff3490785d266d80f183c7b1ce55fdad781ba500
  [cookie] tk_ai=woo:pYL/0yk0tuytVE20HY8S5+Yk
  [cookie] wp-settings-1=libraryContent=browse&editor=tinymce
  [cookie] wp-settings-time-1=1647908665
  [cookie] eccube=60ksma71iep5t428e5399c3g28
  [session] _csrf/Eccube\Form\Type\AddCartType=NwXHg3Hp0OE9IKdvCmskwbCRXXUY0F-TBgMRPXyxyLM
   [GET, /hotpot/html/index_dev.php, ::1, NULL, Mozilla/5.0 (Windows NT 10.0; WOW64) AppleWebKit/537.36 (KHTML, like Gecko) Chrome/99.0.4844.74 Safari/537.36]
[2022-03-22 10:36:26,908041] front.INFO  [445c537d] [30f2b672] [NULL] [LogListener:onKernelController:73] - LOGIC START ["homepage"]  [GET, /hotpot/html/index_dev.php, ::1, NULL, Mozilla/5.0 (Windows NT 10.0; WOW64) AppleWebKit/537.36 (KHTML, like Gecko) Chrome/99.0.4844.74 Safari/537.36]
[2022-03-22 10:36:27,621253] front.ERROR [445c537d] [30f2b672] [NULL] [LogListener:onKernelException:115] - Twig_Error_Runtime: An exception has been thrown during the rendering of a template ("User Warning: Unable to generate a URL for the named route "faq" as such route does not exist."). (uncaught exception) at E:\xampp\htdocs\hotpot\app\template\default\Block\customheader.twig line 31 {"exception":"[object] (Twig_Error_Runtime(code: 0): An exception has been thrown during the rendering of a template (\"User Warning: Unable to generate a URL for the named route \"faq\" as such route does not exist.\"). at E:\\xampp\\htdocs\\hotpot\\app\\template\\default\\Block\\customheader.twig:31, Symfony\\Component\\Debug\\Exception\\ContextErrorException(code: 0): User Warning: Unable to generate a URL for the named route \"faq\" as such route does not exist. at E:\\xampp\\htdocs\\hotpot\\src\\Eccube\\Twig\\Extension\\EccubeExtension.php:169)"}  [GET, /hotpot/html/index_dev.php, ::1, NULL, Mozilla/5.0 (Windows NT 10.0; WOW64) AppleWebKit/537.36 (KHTML, like Gecko) Chrome/99.0.4844.74 Safari/537.36]
[2022-03-22 10:36:27,695137] front.DEBUG [445c537d] [30f2b672] [NULL] [log:log_debug:100] - ** after *****************************************:
   HTTP_STATUS=500
   REMOTE_ADDR=::1
   SCRIPT_NAME=/hotpot/html/index_dev.php
   PATH_INFO=/
   BASE_PATH=/hotpot/html
   BASE_URL=/hotpot/html/index_dev.php
   SCHEME=http
   REMOTE_USER=
   HTTP_HOST=http://localhost
   REQUEST_URI=/hotpot/html/index_dev.php
   METHOD=GET
   LOCALE=ja
  [header] 0=[a:1:{i:0;s:0:"";}]
  [header] 0=[a:1:{i:0;s:9:"localhost";}]
  [header] 0=[a:1:{i:0;s:10:"keep-alive";}]
  [header] 0=[a:1:{i:0;s:64:"" Not A;Brand";v="99", "Chromium";v="99", "Google Chrome";v="99"";}]
  [header] 0=[a:1:{i:0;s:2:"?0";}]
  [header] 0=[a:1:{i:0;s:9:""Windows"";}]
  [header] 0=[a:1:{i:0;s:1:"1";}]
  [header] 0=[a:1:{i:0;s:109:"Mozilla/5.0 (Windows NT 10.0; WOW64) AppleWebKit/537.36 (KHTML, like Gecko) Chrome/99.0.4844.74 Safari/537.36";}]
  [header] 0=[a:1:{i:0;s:135:"text/html,application/xhtml+xml,application/xml;q=0.9,image/avif,image/webp,image/apng,*/*;q=0.8,application/signed-exchange;v=b3;q=0.9";}]
  [header] 0=[a:1:{i:0;s:8:"prefetch";}]
  [header] 0=[a:1:{i:0;s:4:"none";}]
  [header] 0=[a:1:{i:0;s:8:"navigate";}]
  [header] 0=[a:1:{i:0;s:2:"?1";}]
  [header] 0=[a:1:{i:0;s:8:"document";}]
  [header] 0=[a:1:{i:0;s:17:"gzip, deflate, br";}]
  [header] 0=[a:1:{i:0;s:14:"en-US,en;q=0.9";}]
  [header] 0=[a:1:{i:0;s:477:"device_view=full; _ga=GA1.1.459337277.1647398665; tuid=1647908643662; ivt=1; wordpress_test_cookie=WP%20Cookie%20check; wordpress_logged_in_8b5ddd3c5c657069fc24dc37e188dff9=484364_shop3%7C1649118262%7CpTqWfWs4QbNl6vjHODjTwr3in4aQcdxX85HYQXPlazE%7C5ff694699e46b347aa26ac92ff3490785d266d80f183c7b1ce55fdad781ba500; tk_ai=woo%3ApYL%2F0yk0tuytVE20HY8S5%2BYk; wp-settings-1=libraryContent%3Dbrowse%26editor%3Dtinymce; wp-settings-time-1=1647908665; eccube=60ksma71iep5t428e5399c3g28";}]
  [header] 0=[a:1:{i:0;i:1;}]
  [get] pageno=
  [attributes] _controller=\Eccube\Controller\TopController::index
  [attributes] _route=homepage
  [attributes] _route_params=[a:0:{}]
  [cookie] device_view=full
  [cookie] _ga=GA1.1.459337277.1647398665
  [cookie] tuid=1647908643662
  [cookie] ivt=1
  [cookie] wordpress_test_cookie=WP Cookie check
  [cookie] wordpress_logged_in_8b5ddd3c5c657069fc24dc37e188dff9=484364_shop3|1649118262|pTqWfWs4QbNl6vjHODjTwr3in4aQcdxX85HYQXPlazE|5ff694699e46b347aa26ac92ff3490785d266d80f183c7b1ce55fdad781ba500
  [cookie] tk_ai=woo:pYL/0yk0tuytVE20HY8S5+Yk
  [cookie] wp-settings-1=libraryContent=browse&editor=tinymce
  [cookie] wp-settings-time-1=1647908665
  [cookie] eccube=60ksma71iep5t428e5399c3g28
  [session] _csrf/Eccube\Form\Type\AddCartType=NwXHg3Hp0OE9IKdvCmskwbCRXXUY0F-TBgMRPXyxyLM
   [GET, /hotpot/html/index_dev.php, ::1, NULL, Mozilla/5.0 (Windows NT 10.0; WOW64) AppleWebKit/537.36 (KHTML, like Gecko) Chrome/99.0.4844.74 Safari/537.36]
[2022-03-22 10:36:27,696066] front.INFO  [445c537d] [30f2b672] [NULL] [LogListener:onKernelResponse:86] - LOGIC END ["homepage"]  [GET, /hotpot/html/index_dev.php, ::1, NULL, Mozilla/5.0 (Windows NT 10.0; WOW64) AppleWebKit/537.36 (KHTML, like Gecko) Chrome/99.0.4844.74 Safari/537.36]
[2022-03-22 10:36:27,814746] front.INFO  [445c537d] [30f2b672] [NULL] [LogListener:onKernelTerminate:95] - PROCESS END ["homepage"]  [GET, /hotpot/html/index_dev.php, ::1, NULL, Mozilla/5.0 (Windows NT 10.0; WOW64) AppleWebKit/537.36 (KHTML, like Gecko) Chrome/99.0.4844.74 Safari/537.36]
[2022-03-22 10:36:28,436592] front.INFO  [NULL] [9e7d72cc] [NULL] [LogListener:onKernelRequestEarly:47] - INIT   [GET, /hotpot/html/index_dev.php/_profiler/wdt/0eed28, ::1, http://localhost/hotpot/html/index_dev.php, Mozilla/5.0 (Windows NT 10.0; WOW64) AppleWebKit/537.36 (KHTML, like Gecko) Chrome/99.0.4844.74 Safari/537.36]
[2022-03-22 10:36:28,446903] front.INFO  [445c537d] [9e7d72cc] [NULL] [LogListener:onKernelRequest:60] - PROCESS START ["_wdt"]  [GET, /hotpot/html/index_dev.php/_profiler/wdt/0eed28, ::1, http://localhost/hotpot/html/index_dev.php, Mozilla/5.0 (Windows NT 10.0; WOW64) AppleWebKit/537.36 (KHTML, like Gecko) Chrome/99.0.4844.74 Safari/537.36]
[2022-03-22 10:36:28,552828] front.INFO  [445c537d] [9e7d72cc] [NULL] [LogListener:onKernelController:73] - LOGIC START ["_wdt"]  [GET, /hotpot/html/index_dev.php/_profiler/wdt/0eed28, ::1, http://localhost/hotpot/html/index_dev.php, Mozilla/5.0 (Windows NT 10.0; WOW64) AppleWebKit/537.36 (KHTML, like Gecko) Chrome/99.0.4844.74 Safari/537.36]
[2022-03-22 10:36:28,805715] front.INFO  [445c537d] [9e7d72cc] [NULL] [LogListener:onKernelResponse:86] - LOGIC END ["_wdt"]  [GET, /hotpot/html/index_dev.php/_profiler/wdt/0eed28, ::1, http://localhost/hotpot/html/index_dev.php, Mozilla/5.0 (Windows NT 10.0; WOW64) AppleWebKit/537.36 (KHTML, like Gecko) Chrome/99.0.4844.74 Safari/537.36]
[2022-03-22 10:36:28,811203] front.INFO  [445c537d] [9e7d72cc] [NULL] [LogListener:onKernelTerminate:95] - PROCESS END ["_wdt"]  [GET, /hotpot/html/index_dev.php/_profiler/wdt/0eed28, ::1, http://localhost/hotpot/html/index_dev.php, Mozilla/5.0 (Windows NT 10.0; WOW64) AppleWebKit/537.36 (KHTML, like Gecko) Chrome/99.0.4844.74 Safari/537.36]
[2022-03-22 10:37:36,805577] front.INFO  [NULL] [d19ac01e] [NULL] [LogListener:onKernelRequestEarly:47] - INIT   [GET, /hotpot/html/index_dev.php, ::1, NULL, Mozilla/5.0 (Windows NT 10.0; WOW64) AppleWebKit/537.36 (KHTML, like Gecko) Chrome/99.0.4844.74 Safari/537.36]
[2022-03-22 10:37:36,812543] front.INFO  [445c537d] [d19ac01e] [NULL] [LogListener:onKernelRequest:60] - PROCESS START ["homepage"]  [GET, /hotpot/html/index_dev.php, ::1, NULL, Mozilla/5.0 (Windows NT 10.0; WOW64) AppleWebKit/537.36 (KHTML, like Gecko) Chrome/99.0.4844.74 Safari/537.36]
[2022-03-22 10:37:36,859330] front.INFO  [445c537d] [d19ac01e] [NULL] [LogListener:onKernelController:73] - LOGIC START ["homepage"]  [GET, /hotpot/html/index_dev.php, ::1, NULL, Mozilla/5.0 (Windows NT 10.0; WOW64) AppleWebKit/537.36 (KHTML, like Gecko) Chrome/99.0.4844.74 Safari/537.36]
[2022-03-22 10:37:37,983386] front.INFO  [445c537d] [d19ac01e] [NULL] [LogListener:onKernelResponse:86] - LOGIC END ["homepage"]  [GET, /hotpot/html/index_dev.php, ::1, NULL, Mozilla/5.0 (Windows NT 10.0; WOW64) AppleWebKit/537.36 (KHTML, like Gecko) Chrome/99.0.4844.74 Safari/537.36]
[2022-03-22 10:37:37,997993] front.INFO  [445c537d] [d19ac01e] [NULL] [LogListener:onKernelTerminate:95] - PROCESS END ["homepage"]  [GET, /hotpot/html/index_dev.php, ::1, NULL, Mozilla/5.0 (Windows NT 10.0; WOW64) AppleWebKit/537.36 (KHTML, like Gecko) Chrome/99.0.4844.74 Safari/537.36]
[2022-03-22 10:37:39,601045] front.INFO  [NULL] [cae0af41] [NULL] [LogListener:onKernelRequestEarly:47] - INIT   [GET, /hotpot/html/index_dev.php/_profiler/wdt/d5ec3d, ::1, http://localhost/hotpot/html/index_dev.php, Mozilla/5.0 (Windows NT 10.0; WOW64) AppleWebKit/537.36 (KHTML, like Gecko) Chrome/99.0.4844.74 Safari/537.36]
[2022-03-22 10:37:39,611548] front.INFO  [445c537d] [cae0af41] [NULL] [LogListener:onKernelRequest:60] - PROCESS START ["_wdt"]  [GET, /hotpot/html/index_dev.php/_profiler/wdt/d5ec3d, ::1, http://localhost/hotpot/html/index_dev.php, Mozilla/5.0 (Windows NT 10.0; WOW64) AppleWebKit/537.36 (KHTML, like Gecko) Chrome/99.0.4844.74 Safari/537.36]
[2022-03-22 10:37:39,654969] front.INFO  [445c537d] [cae0af41] [NULL] [LogListener:onKernelController:73] - LOGIC START ["_wdt"]  [GET, /hotpot/html/index_dev.php/_profiler/wdt/d5ec3d, ::1, http://localhost/hotpot/html/index_dev.php, Mozilla/5.0 (Windows NT 10.0; WOW64) AppleWebKit/537.36 (KHTML, like Gecko) Chrome/99.0.4844.74 Safari/537.36]
[2022-03-22 10:37:39,731557] front.INFO  [445c537d] [cae0af41] [NULL] [LogListener:onKernelResponse:86] - LOGIC END ["_wdt"]  [GET, /hotpot/html/index_dev.php/_profiler/wdt/d5ec3d, ::1, http://localhost/hotpot/html/index_dev.php, Mozilla/5.0 (Windows NT 10.0; WOW64) AppleWebKit/537.36 (KHTML, like Gecko) Chrome/99.0.4844.74 Safari/537.36]
[2022-03-22 10:37:39,740044] front.INFO  [445c537d] [cae0af41] [NULL] [LogListener:onKernelTerminate:95] - PROCESS END ["_wdt"]  [GET, /hotpot/html/index_dev.php/_profiler/wdt/d5ec3d, ::1, http://localhost/hotpot/html/index_dev.php, Mozilla/5.0 (Windows NT 10.0; WOW64) AppleWebKit/537.36 (KHTML, like Gecko) Chrome/99.0.4844.74 Safari/537.36]
[2022-03-22 10:37:41,353280] front.INFO  [NULL] [c9de7754] [NULL] [LogListener:onKernelRequestEarly:47] - INIT   [GET, /hotpot/html/index_dev.php/contact, ::1, http://localhost/hotpot/html/index_dev.php, Mozilla/5.0 (Windows NT 10.0; WOW64) AppleWebKit/537.36 (KHTML, like Gecko) Chrome/99.0.4844.74 Safari/537.36]
[2022-03-22 10:37:41,360493] front.INFO  [445c537d] [c9de7754] [NULL] [LogListener:onKernelRequest:60] - PROCESS START ["contact"]  [GET, /hotpot/html/index_dev.php/contact, ::1, http://localhost/hotpot/html/index_dev.php, Mozilla/5.0 (Windows NT 10.0; WOW64) AppleWebKit/537.36 (KHTML, like Gecko) Chrome/99.0.4844.74 Safari/537.36]
[2022-03-22 10:37:41,428180] front.INFO  [445c537d] [c9de7754] [NULL] [LogListener:onKernelController:73] - LOGIC START ["contact"]  [GET, /hotpot/html/index_dev.php/contact, ::1, http://localhost/hotpot/html/index_dev.php, Mozilla/5.0 (Windows NT 10.0; WOW64) AppleWebKit/537.36 (KHTML, like Gecko) Chrome/99.0.4844.74 Safari/537.36]
[2022-03-22 10:37:42,030762] front.INFO  [445c537d] [c9de7754] [NULL] [LogListener:onKernelResponse:86] - LOGIC END ["contact"]  [GET, /hotpot/html/index_dev.php/contact, ::1, http://localhost/hotpot/html/index_dev.php, Mozilla/5.0 (Windows NT 10.0; WOW64) AppleWebKit/537.36 (KHTML, like Gecko) Chrome/99.0.4844.74 Safari/537.36]
[2022-03-22 10:37:42,125478] front.INFO  [445c537d] [c9de7754] [NULL] [LogListener:onKernelTerminate:95] - PROCESS END ["contact"]  [GET, /hotpot/html/index_dev.php/contact, ::1, http://localhost/hotpot/html/index_dev.php, Mozilla/5.0 (Windows NT 10.0; WOW64) AppleWebKit/537.36 (KHTML, like Gecko) Chrome/99.0.4844.74 Safari/537.36]
[2022-03-22 10:37:42,925570] front.INFO  [NULL] [016032a5] [NULL] [LogListener:onKernelRequestEarly:47] - INIT   [GET, /hotpot/html/index_dev.php/_profiler/wdt/bc2055, ::1, http://localhost/hotpot/html/index_dev.php/contact, Mozilla/5.0 (Windows NT 10.0; WOW64) AppleWebKit/537.36 (KHTML, like Gecko) Chrome/99.0.4844.74 Safari/537.36]
[2022-03-22 10:37:42,938300] front.INFO  [445c537d] [016032a5] [NULL] [LogListener:onKernelRequest:60] - PROCESS START ["_wdt"]  [GET, /hotpot/html/index_dev.php/_profiler/wdt/bc2055, ::1, http://localhost/hotpot/html/index_dev.php/contact, Mozilla/5.0 (Windows NT 10.0; WOW64) AppleWebKit/537.36 (KHTML, like Gecko) Chrome/99.0.4844.74 Safari/537.36]
[2022-03-22 10:37:42,983324] front.INFO  [445c537d] [016032a5] [NULL] [LogListener:onKernelController:73] - LOGIC START ["_wdt"]  [GET, /hotpot/html/index_dev.php/_profiler/wdt/bc2055, ::1, http://localhost/hotpot/html/index_dev.php/contact, Mozilla/5.0 (Windows NT 10.0; WOW64) AppleWebKit/537.36 (KHTML, like Gecko) Chrome/99.0.4844.74 Safari/537.36]
[2022-03-22 10:37:43,043638] front.INFO  [445c537d] [016032a5] [NULL] [LogListener:onKernelResponse:86] - LOGIC END ["_wdt"]  [GET, /hotpot/html/index_dev.php/_profiler/wdt/bc2055, ::1, http://localhost/hotpot/html/index_dev.php/contact, Mozilla/5.0 (Windows NT 10.0; WOW64) AppleWebKit/537.36 (KHTML, like Gecko) Chrome/99.0.4844.74 Safari/537.36]
[2022-03-22 10:37:43,048439] front.INFO  [445c537d] [016032a5] [NULL] [LogListener:onKernelTerminate:95] - PROCESS END ["_wdt"]  [GET, /hotpot/html/index_dev.php/_profiler/wdt/bc2055, ::1, http://localhost/hotpot/html/index_dev.php/contact, Mozilla/5.0 (Windows NT 10.0; WOW64) AppleWebKit/537.36 (KHTML, like Gecko) Chrome/99.0.4844.74 Safari/537.36]
[2022-03-22 11:05:00,037363] front.INFO  [NULL] [990ec189] [NULL] [LogListener:onKernelRequestEarly:47] - INIT   [GET, /hotpot/html/index_dev.php/contact, ::1, http://localhost/hotpot/html/index_dev.php, Mozilla/5.0 (Windows NT 10.0; WOW64) AppleWebKit/537.36 (KHTML, like Gecko) Chrome/99.0.4844.74 Safari/537.36]
[2022-03-22 11:05:00,044478] front.INFO  [445c537d] [990ec189] [NULL] [LogListener:onKernelRequest:60] - PROCESS START ["contact"]  [GET, /hotpot/html/index_dev.php/contact, ::1, http://localhost/hotpot/html/index_dev.php, Mozilla/5.0 (Windows NT 10.0; WOW64) AppleWebKit/537.36 (KHTML, like Gecko) Chrome/99.0.4844.74 Safari/537.36]
[2022-03-22 11:05:00,091416] front.INFO  [445c537d] [990ec189] [NULL] [LogListener:onKernelController:73] - LOGIC START ["contact"]  [GET, /hotpot/html/index_dev.php/contact, ::1, http://localhost/hotpot/html/index_dev.php, Mozilla/5.0 (Windows NT 10.0; WOW64) AppleWebKit/537.36 (KHTML, like Gecko) Chrome/99.0.4844.74 Safari/537.36]
[2022-03-22 11:05:00,439345] front.INFO  [445c537d] [990ec189] [NULL] [LogListener:onKernelResponse:86] - LOGIC END ["contact"]  [GET, /hotpot/html/index_dev.php/contact, ::1, http://localhost/hotpot/html/index_dev.php, Mozilla/5.0 (Windows NT 10.0; WOW64) AppleWebKit/537.36 (KHTML, like Gecko) Chrome/99.0.4844.74 Safari/537.36]
[2022-03-22 11:05:00,496905] front.INFO  [445c537d] [990ec189] [NULL] [LogListener:onKernelTerminate:95] - PROCESS END ["contact"]  [GET, /hotpot/html/index_dev.php/contact, ::1, http://localhost/hotpot/html/index_dev.php, Mozilla/5.0 (Windows NT 10.0; WOW64) AppleWebKit/537.36 (KHTML, like Gecko) Chrome/99.0.4844.74 Safari/537.36]
[2022-03-22 11:05:01,270553] front.INFO  [NULL] [fa19b73e] [NULL] [LogListener:onKernelRequestEarly:47] - INIT   [GET, /hotpot/html/index_dev.php/_profiler/wdt/497ea8, ::1, http://localhost/hotpot/html/index_dev.php/contact, Mozilla/5.0 (Windows NT 10.0; WOW64) AppleWebKit/537.36 (KHTML, like Gecko) Chrome/99.0.4844.74 Safari/537.36]
[2022-03-22 11:05:01,281409] front.INFO  [445c537d] [fa19b73e] [NULL] [LogListener:onKernelRequest:60] - PROCESS START ["_wdt"]  [GET, /hotpot/html/index_dev.php/_profiler/wdt/497ea8, ::1, http://localhost/hotpot/html/index_dev.php/contact, Mozilla/5.0 (Windows NT 10.0; WOW64) AppleWebKit/537.36 (KHTML, like Gecko) Chrome/99.0.4844.74 Safari/537.36]
[2022-03-22 11:05:01,327076] front.INFO  [445c537d] [fa19b73e] [NULL] [LogListener:onKernelController:73] - LOGIC START ["_wdt"]  [GET, /hotpot/html/index_dev.php/_profiler/wdt/497ea8, ::1, http://localhost/hotpot/html/index_dev.php/contact, Mozilla/5.0 (Windows NT 10.0; WOW64) AppleWebKit/537.36 (KHTML, like Gecko) Chrome/99.0.4844.74 Safari/537.36]
[2022-03-22 11:05:01,383049] front.INFO  [445c537d] [fa19b73e] [NULL] [LogListener:onKernelResponse:86] - LOGIC END ["_wdt"]  [GET, /hotpot/html/index_dev.php/_profiler/wdt/497ea8, ::1, http://localhost/hotpot/html/index_dev.php/contact, Mozilla/5.0 (Windows NT 10.0; WOW64) AppleWebKit/537.36 (KHTML, like Gecko) Chrome/99.0.4844.74 Safari/537.36]
[2022-03-22 11:05:01,389043] front.INFO  [445c537d] [fa19b73e] [NULL] [LogListener:onKernelTerminate:95] - PROCESS END ["_wdt"]  [GET, /hotpot/html/index_dev.php/_profiler/wdt/497ea8, ::1, http://localhost/hotpot/html/index_dev.php/contact, Mozilla/5.0 (Windows NT 10.0; WOW64) AppleWebKit/537.36 (KHTML, like Gecko) Chrome/99.0.4844.74 Safari/537.36]
[2022-03-22 11:05:35,855110] front.INFO  [NULL] [5ef6f23e] [NULL] [LogListener:onKernelRequestEarly:47] - INIT   [POST, /hotpot/html/index_dev.php/contact, ::1, http://localhost/hotpot/html/index_dev.php/contact, Mozilla/5.0 (Windows NT 10.0; WOW64) AppleWebKit/537.36 (KHTML, like Gecko) Chrome/99.0.4844.74 Safari/537.36]
[2022-03-22 11:05:35,863066] front.INFO  [445c537d] [5ef6f23e] [NULL] [LogListener:onKernelRequest:60] - PROCESS START ["contact"]  [POST, /hotpot/html/index_dev.php/contact, ::1, http://localhost/hotpot/html/index_dev.php/contact, Mozilla/5.0 (Windows NT 10.0; WOW64) AppleWebKit/537.36 (KHTML, like Gecko) Chrome/99.0.4844.74 Safari/537.36]
[2022-03-22 11:05:35,908001] front.INFO  [445c537d] [5ef6f23e] [NULL] [LogListener:onKernelController:73] - LOGIC START ["contact"]  [POST, /hotpot/html/index_dev.php/contact, ::1, http://localhost/hotpot/html/index_dev.php/contact, Mozilla/5.0 (Windows NT 10.0; WOW64) AppleWebKit/537.36 (KHTML, like Gecko) Chrome/99.0.4844.74 Safari/537.36]
[2022-03-22 11:05:36,355499] front.INFO  [445c537d] [5ef6f23e] [NULL] [LogListener:onKernelResponse:86] - LOGIC END ["contact"]  [POST, /hotpot/html/index_dev.php/contact, ::1, http://localhost/hotpot/html/index_dev.php/contact, Mozilla/5.0 (Windows NT 10.0; WOW64) AppleWebKit/537.36 (KHTML, like Gecko) Chrome/99.0.4844.74 Safari/537.36]
[2022-03-22 11:05:36,411832] front.INFO  [445c537d] [5ef6f23e] [NULL] [LogListener:onKernelTerminate:95] - PROCESS END ["contact"]  [POST, /hotpot/html/index_dev.php/contact, ::1, http://localhost/hotpot/html/index_dev.php/contact, Mozilla/5.0 (Windows NT 10.0; WOW64) AppleWebKit/537.36 (KHTML, like Gecko) Chrome/99.0.4844.74 Safari/537.36]
[2022-03-22 11:05:37,077434] front.INFO  [NULL] [f09b3356] [NULL] [LogListener:onKernelRequestEarly:47] - INIT   [GET, /hotpot/html/index_dev.php/_profiler/wdt/5583a5, ::1, http://localhost/hotpot/html/index_dev.php/contact, Mozilla/5.0 (Windows NT 10.0; WOW64) AppleWebKit/537.36 (KHTML, like Gecko) Chrome/99.0.4844.74 Safari/537.36]
[2022-03-22 11:05:37,089724] front.INFO  [445c537d] [f09b3356] [NULL] [LogListener:onKernelRequest:60] - PROCESS START ["_wdt"]  [GET, /hotpot/html/index_dev.php/_profiler/wdt/5583a5, ::1, http://localhost/hotpot/html/index_dev.php/contact, Mozilla/5.0 (Windows NT 10.0; WOW64) AppleWebKit/537.36 (KHTML, like Gecko) Chrome/99.0.4844.74 Safari/537.36]
[2022-03-22 11:05:37,134135] front.INFO  [445c537d] [f09b3356] [NULL] [LogListener:onKernelController:73] - LOGIC START ["_wdt"]  [GET, /hotpot/html/index_dev.php/_profiler/wdt/5583a5, ::1, http://localhost/hotpot/html/index_dev.php/contact, Mozilla/5.0 (Windows NT 10.0; WOW64) AppleWebKit/537.36 (KHTML, like Gecko) Chrome/99.0.4844.74 Safari/537.36]
[2022-03-22 11:05:37,198017] front.INFO  [445c537d] [f09b3356] [NULL] [LogListener:onKernelResponse:86] - LOGIC END ["_wdt"]  [GET, /hotpot/html/index_dev.php/_profiler/wdt/5583a5, ::1, http://localhost/hotpot/html/index_dev.php/contact, Mozilla/5.0 (Windows NT 10.0; WOW64) AppleWebKit/537.36 (KHTML, like Gecko) Chrome/99.0.4844.74 Safari/537.36]
[2022-03-22 11:05:37,203633] front.INFO  [445c537d] [f09b3356] [NULL] [LogListener:onKernelTerminate:95] - PROCESS END ["_wdt"]  [GET, /hotpot/html/index_dev.php/_profiler/wdt/5583a5, ::1, http://localhost/hotpot/html/index_dev.php/contact, Mozilla/5.0 (Windows NT 10.0; WOW64) AppleWebKit/537.36 (KHTML, like Gecko) Chrome/99.0.4844.74 Safari/537.36]
[2022-03-22 11:06:06,043154] front.INFO  [NULL] [c8a2d0a9] [NULL] [LogListener:onKernelRequestEarly:47] - INIT   [POST, /hotpot/html/index_dev.php/contact, ::1, http://localhost/hotpot/html/index_dev.php/contact, Mozilla/5.0 (Windows NT 10.0; WOW64) AppleWebKit/537.36 (KHTML, like Gecko) Chrome/99.0.4844.74 Safari/537.36]
[2022-03-22 11:06:06,050799] front.INFO  [445c537d] [c8a2d0a9] [NULL] [LogListener:onKernelRequest:60] - PROCESS START ["contact"]  [POST, /hotpot/html/index_dev.php/contact, ::1, http://localhost/hotpot/html/index_dev.php/contact, Mozilla/5.0 (Windows NT 10.0; WOW64) AppleWebKit/537.36 (KHTML, like Gecko) Chrome/99.0.4844.74 Safari/537.36]
[2022-03-22 11:06:06,097780] front.INFO  [445c537d] [c8a2d0a9] [NULL] [LogListener:onKernelController:73] - LOGIC START ["contact"]  [POST, /hotpot/html/index_dev.php/contact, ::1, http://localhost/hotpot/html/index_dev.php/contact, Mozilla/5.0 (Windows NT 10.0; WOW64) AppleWebKit/537.36 (KHTML, like Gecko) Chrome/99.0.4844.74 Safari/537.36]
[2022-03-22 11:06:06,439143] front.INFO  [445c537d] [c8a2d0a9] [NULL] [LogListener:onKernelResponse:86] - LOGIC END ["contact"]  [POST, /hotpot/html/index_dev.php/contact, ::1, http://localhost/hotpot/html/index_dev.php/contact, Mozilla/5.0 (Windows NT 10.0; WOW64) AppleWebKit/537.36 (KHTML, like Gecko) Chrome/99.0.4844.74 Safari/537.36]
[2022-03-22 11:06:06,497580] front.INFO  [445c537d] [c8a2d0a9] [NULL] [LogListener:onKernelTerminate:95] - PROCESS END ["contact"]  [POST, /hotpot/html/index_dev.php/contact, ::1, http://localhost/hotpot/html/index_dev.php/contact, Mozilla/5.0 (Windows NT 10.0; WOW64) AppleWebKit/537.36 (KHTML, like Gecko) Chrome/99.0.4844.74 Safari/537.36]
[2022-03-22 11:06:07,057209] front.INFO  [NULL] [e8c14edd] [NULL] [LogListener:onKernelRequestEarly:47] - INIT   [GET, /hotpot/html/index_dev.php/_profiler/wdt/642813, ::1, http://localhost/hotpot/html/index_dev.php/contact, Mozilla/5.0 (Windows NT 10.0; WOW64) AppleWebKit/537.36 (KHTML, like Gecko) Chrome/99.0.4844.74 Safari/537.36]
[2022-03-22 11:06:07,067617] front.INFO  [445c537d] [e8c14edd] [NULL] [LogListener:onKernelRequest:60] - PROCESS START ["_wdt"]  [GET, /hotpot/html/index_dev.php/_profiler/wdt/642813, ::1, http://localhost/hotpot/html/index_dev.php/contact, Mozilla/5.0 (Windows NT 10.0; WOW64) AppleWebKit/537.36 (KHTML, like Gecko) Chrome/99.0.4844.74 Safari/537.36]
[2022-03-22 11:06:07,113113] front.INFO  [445c537d] [e8c14edd] [NULL] [LogListener:onKernelController:73] - LOGIC START ["_wdt"]  [GET, /hotpot/html/index_dev.php/_profiler/wdt/642813, ::1, http://localhost/hotpot/html/index_dev.php/contact, Mozilla/5.0 (Windows NT 10.0; WOW64) AppleWebKit/537.36 (KHTML, like Gecko) Chrome/99.0.4844.74 Safari/537.36]
[2022-03-22 11:06:07,169917] front.INFO  [445c537d] [e8c14edd] [NULL] [LogListener:onKernelResponse:86] - LOGIC END ["_wdt"]  [GET, /hotpot/html/index_dev.php/_profiler/wdt/642813, ::1, http://localhost/hotpot/html/index_dev.php/contact, Mozilla/5.0 (Windows NT 10.0; WOW64) AppleWebKit/537.36 (KHTML, like Gecko) Chrome/99.0.4844.74 Safari/537.36]
[2022-03-22 11:06:07,175051] front.INFO  [445c537d] [e8c14edd] [NULL] [LogListener:onKernelTerminate:95] - PROCESS END ["_wdt"]  [GET, /hotpot/html/index_dev.php/_profiler/wdt/642813, ::1, http://localhost/hotpot/html/index_dev.php/contact, Mozilla/5.0 (Windows NT 10.0; WOW64) AppleWebKit/537.36 (KHTML, like Gecko) Chrome/99.0.4844.74 Safari/537.36]
[2022-03-22 11:06:16,548595] front.INFO  [NULL] [b9c8438e] [NULL] [LogListener:onKernelRequestEarly:47] - INIT   [POST, /hotpot/html/index_dev.php/contact?, ::1, http://localhost/hotpot/html/index_dev.php/contact, Mozilla/5.0 (Windows NT 10.0; WOW64) AppleWebKit/537.36 (KHTML, like Gecko) Chrome/99.0.4844.74 Safari/537.36]
[2022-03-22 11:06:16,556657] front.INFO  [445c537d] [b9c8438e] [NULL] [LogListener:onKernelRequest:60] - PROCESS START ["contact"]  [POST, /hotpot/html/index_dev.php/contact?, ::1, http://localhost/hotpot/html/index_dev.php/contact, Mozilla/5.0 (Windows NT 10.0; WOW64) AppleWebKit/537.36 (KHTML, like Gecko) Chrome/99.0.4844.74 Safari/537.36]
[2022-03-22 11:06:16,557672] front.DEBUG [445c537d] [b9c8438e] [NULL] [log:log_debug:100] - ** before *****************************************:
   REMOTE_ADDR=::1
   SCRIPT_NAME=/hotpot/html/index_dev.php
   PATH_INFO=/contact
   BASE_PATH=/hotpot/html
   BASE_URL=/hotpot/html/index_dev.php
   SCHEME=http
   REMOTE_USER=
   HTTP_HOST=http://localhost
   REQUEST_URI=/hotpot/html/index_dev.php/contact?
   METHOD=POST
   LOCALE=ja
  [header] 0=[a:1:{i:0;s:0:"";}]
  [header] 0=[a:1:{i:0;s:9:"localhost";}]
  [header] 0=[a:1:{i:0;s:10:"keep-alive";}]
  [header] 0=[a:1:{i:0;s:3:"538";}]
  [header] 0=[a:1:{i:0;s:9:"max-age=0";}]
  [header] 0=[a:1:{i:0;s:64:"" Not A;Brand";v="99", "Chromium";v="99", "Google Chrome";v="99"";}]
  [header] 0=[a:1:{i:0;s:2:"?0";}]
  [header] 0=[a:1:{i:0;s:9:""Windows"";}]
  [header] 0=[a:1:{i:0;s:1:"1";}]
  [header] 0=[a:1:{i:0;s:16:"http://localhost";}]
  [header] 0=[a:1:{i:0;s:33:"application/x-www-form-urlencoded";}]
  [header] 0=[a:1:{i:0;s:109:"Mozilla/5.0 (Windows NT 10.0; WOW64) AppleWebKit/537.36 (KHTML, like Gecko) Chrome/99.0.4844.74 Safari/537.36";}]
  [header] 0=[a:1:{i:0;s:135:"text/html,application/xhtml+xml,application/xml;q=0.9,image/avif,image/webp,image/apng,*/*;q=0.8,application/signed-exchange;v=b3;q=0.9";}]
  [header] 0=[a:1:{i:0;s:11:"same-origin";}]
  [header] 0=[a:1:{i:0;s:8:"navigate";}]
  [header] 0=[a:1:{i:0;s:2:"?1";}]
  [header] 0=[a:1:{i:0;s:8:"document";}]
  [header] 0=[a:1:{i:0;s:50:"http://localhost/hotpot/html/index_dev.php/contact";}]
  [header] 0=[a:1:{i:0;s:17:"gzip, deflate, br";}]
  [header] 0=[a:1:{i:0;s:14:"en-US,en;q=0.9";}]
  [header] 0=[a:1:{i:0;s:477:"device_view=full; _ga=GA1.1.459337277.1647398665; tuid=1647908643662; ivt=1; wordpress_test_cookie=WP%20Cookie%20check; wordpress_logged_in_8b5ddd3c5c657069fc24dc37e188dff9=484364_shop3%7C1649118262%7CpTqWfWs4QbNl6vjHODjTwr3in4aQcdxX85HYQXPlazE%7C5ff694699e46b347aa26ac92ff3490785d266d80f183c7b1ce55fdad781ba500; tk_ai=woo%3ApYL%2F0yk0tuytVE20HY8S5%2BYk; wp-settings-1=libraryContent%3Dbrowse%26editor%3Dtinymce; wp-settings-time-1=1647908665; eccube=60ksma71iep5t428e5399c3g28";}]
  [header] 0=[a:1:{i:0;i:1;}]
  [post] type=[a:7:{s:6:"_token";s:43:"1SBaKjaP0Ld1nQVAEyttOEIpykLlpOMk-P4LbeWdLMM";s:4:"name";a:2:{s:6:"name01";s:6:"遠藤";s:6:"name02";s:3:"颯";}s:4:"kana";a:2:{s:6:"kana01";s:9:"エンド";s:6:"kana02";s:9:"ハヤテ";}s:3:"tel";a:3:{s:5:"tel01";s:3:"123";s:5:"tel02";s:4:"1231";s:5:"tel03";s:4:"3123";}s:5:"email";a:2:{s:5:"first";s:22:"luxuryman887@gmail.com";s:6:"second";s:22:"luxuryman887@gmail.com";}s:8:"contents";s:4:"test";s:4:"type";s:1:"1";}]
  [post] mode=complete
  [attributes] _controller=\Eccube\Controller\ContactController::index
  [attributes] _route=contact
  [attributes] _route_params=[a:0:{}]
  [cookie] device_view=full
  [cookie] _ga=GA1.1.459337277.1647398665
  [cookie] tuid=1647908643662
  [cookie] ivt=1
  [cookie] wordpress_test_cookie=WP Cookie check
  [cookie] wordpress_logged_in_8b5ddd3c5c657069fc24dc37e188dff9=484364_shop3|1649118262|pTqWfWs4QbNl6vjHODjTwr3in4aQcdxX85HYQXPlazE|5ff694699e46b347aa26ac92ff3490785d266d80f183c7b1ce55fdad781ba500
  [cookie] tk_ai=woo:pYL/0yk0tuytVE20HY8S5+Yk
  [cookie] wp-settings-1=libraryContent=browse&editor=tinymce
  [cookie] wp-settings-time-1=1647908665
  [cookie] eccube=60ksma71iep5t428e5399c3g28
  [session] _csrf/Eccube\Form\Type\AddCartType=NwXHg3Hp0OE9IKdvCmskwbCRXXUY0F-TBgMRPXyxyLM
  [session] _csrf/contact=1SBaKjaP0Ld1nQVAEyttOEIpykLlpOMk-P4LbeWdLMM
   [POST, /hotpot/html/index_dev.php/contact?, ::1, http://localhost/hotpot/html/index_dev.php/contact, Mozilla/5.0 (Windows NT 10.0; WOW64) AppleWebKit/537.36 (KHTML, like Gecko) Chrome/99.0.4844.74 Safari/537.36]
[2022-03-22 11:06:16,601927] front.INFO  [445c537d] [b9c8438e] [NULL] [LogListener:onKernelController:73] - LOGIC START ["contact"]  [POST, /hotpot/html/index_dev.php/contact?, ::1, http://localhost/hotpot/html/index_dev.php/contact, Mozilla/5.0 (Windows NT 10.0; WOW64) AppleWebKit/537.36 (KHTML, like Gecko) Chrome/99.0.4844.74 Safari/537.36]
[2022-03-22 11:06:16,768155] front.INFO  [445c537d] [b9c8438e] [NULL] [MailService:sendContactMail:181] - お問い合わせ受付メール送信開始   [POST, /hotpot/html/index_dev.php/contact?, ::1, http://localhost/hotpot/html/index_dev.php/contact, Mozilla/5.0 (Windows NT 10.0; WOW64) AppleWebKit/537.36 (KHTML, like Gecko) Chrome/99.0.4844.74 Safari/537.36]
[2022-03-22 11:06:16,879198] front.ERROR [445c537d] [b9c8438e] [NULL] [LogListener:onKernelException:115] - Twig_Error_Syntax: Unknown "elseif" tag. (uncaught exception) at E:\xampp\htdocs\hotpot\src\Eccube\Resource\template\default\Mail\contact_mail.twig line 46 {"exception":"[object] (Twig_Error_Syntax(code: 0): Unknown \"elseif\" tag. at E:\\xampp\\htdocs\\hotpot\\src\\Eccube\\Resource\\template\\default\\Mail\\contact_mail.twig:46)"}  [POST, /hotpot/html/index_dev.php/contact?, ::1, http://localhost/hotpot/html/index_dev.php/contact, Mozilla/5.0 (Windows NT 10.0; WOW64) AppleWebKit/537.36 (KHTML, like Gecko) Chrome/99.0.4844.74 Safari/537.36]
[2022-03-22 11:06:16,897334] front.DEBUG [445c537d] [b9c8438e] [NULL] [log:log_debug:100] - ** after *****************************************:
   HTTP_STATUS=500
   REMOTE_ADDR=::1
   SCRIPT_NAME=/hotpot/html/index_dev.php
   PATH_INFO=/contact
   BASE_PATH=/hotpot/html
   BASE_URL=/hotpot/html/index_dev.php
   SCHEME=http
   REMOTE_USER=
   HTTP_HOST=http://localhost
   REQUEST_URI=/hotpot/html/index_dev.php/contact?
   METHOD=POST
   LOCALE=ja
  [header] 0=[a:1:{i:0;s:0:"";}]
  [header] 0=[a:1:{i:0;s:9:"localhost";}]
  [header] 0=[a:1:{i:0;s:10:"keep-alive";}]
  [header] 0=[a:1:{i:0;s:3:"538";}]
  [header] 0=[a:1:{i:0;s:9:"max-age=0";}]
  [header] 0=[a:1:{i:0;s:64:"" Not A;Brand";v="99", "Chromium";v="99", "Google Chrome";v="99"";}]
  [header] 0=[a:1:{i:0;s:2:"?0";}]
  [header] 0=[a:1:{i:0;s:9:""Windows"";}]
  [header] 0=[a:1:{i:0;s:1:"1";}]
  [header] 0=[a:1:{i:0;s:16:"http://localhost";}]
  [header] 0=[a:1:{i:0;s:33:"application/x-www-form-urlencoded";}]
  [header] 0=[a:1:{i:0;s:109:"Mozilla/5.0 (Windows NT 10.0; WOW64) AppleWebKit/537.36 (KHTML, like Gecko) Chrome/99.0.4844.74 Safari/537.36";}]
  [header] 0=[a:1:{i:0;s:135:"text/html,application/xhtml+xml,application/xml;q=0.9,image/avif,image/webp,image/apng,*/*;q=0.8,application/signed-exchange;v=b3;q=0.9";}]
  [header] 0=[a:1:{i:0;s:11:"same-origin";}]
  [header] 0=[a:1:{i:0;s:8:"navigate";}]
  [header] 0=[a:1:{i:0;s:2:"?1";}]
  [header] 0=[a:1:{i:0;s:8:"document";}]
  [header] 0=[a:1:{i:0;s:50:"http://localhost/hotpot/html/index_dev.php/contact";}]
  [header] 0=[a:1:{i:0;s:17:"gzip, deflate, br";}]
  [header] 0=[a:1:{i:0;s:14:"en-US,en;q=0.9";}]
  [header] 0=[a:1:{i:0;s:477:"device_view=full; _ga=GA1.1.459337277.1647398665; tuid=1647908643662; ivt=1; wordpress_test_cookie=WP%20Cookie%20check; wordpress_logged_in_8b5ddd3c5c657069fc24dc37e188dff9=484364_shop3%7C1649118262%7CpTqWfWs4QbNl6vjHODjTwr3in4aQcdxX85HYQXPlazE%7C5ff694699e46b347aa26ac92ff3490785d266d80f183c7b1ce55fdad781ba500; tk_ai=woo%3ApYL%2F0yk0tuytVE20HY8S5%2BYk; wp-settings-1=libraryContent%3Dbrowse%26editor%3Dtinymce; wp-settings-time-1=1647908665; eccube=60ksma71iep5t428e5399c3g28";}]
  [header] 0=[a:1:{i:0;i:1;}]
  [post] type=[a:7:{s:6:"_token";s:43:"1SBaKjaP0Ld1nQVAEyttOEIpykLlpOMk-P4LbeWdLMM";s:4:"name";a:2:{s:6:"name01";s:6:"遠藤";s:6:"name02";s:3:"颯";}s:4:"kana";a:2:{s:6:"kana01";s:9:"エンド";s:6:"kana02";s:9:"ハヤテ";}s:3:"tel";a:3:{s:5:"tel01";s:3:"123";s:5:"tel02";s:4:"1231";s:5:"tel03";s:4:"3123";}s:5:"email";a:2:{s:5:"first";s:22:"luxuryman887@gmail.com";s:6:"second";s:22:"luxuryman887@gmail.com";}s:8:"contents";s:4:"test";s:4:"type";s:1:"1";}]
  [post] mode=complete
  [attributes] _controller=\Eccube\Controller\ContactController::index
  [attributes] _route=contact
  [attributes] _route_params=[a:0:{}]
  [cookie] device_view=full
  [cookie] _ga=GA1.1.459337277.1647398665
  [cookie] tuid=1647908643662
  [cookie] ivt=1
  [cookie] wordpress_test_cookie=WP Cookie check
  [cookie] wordpress_logged_in_8b5ddd3c5c657069fc24dc37e188dff9=484364_shop3|1649118262|pTqWfWs4QbNl6vjHODjTwr3in4aQcdxX85HYQXPlazE|5ff694699e46b347aa26ac92ff3490785d266d80f183c7b1ce55fdad781ba500
  [cookie] tk_ai=woo:pYL/0yk0tuytVE20HY8S5+Yk
  [cookie] wp-settings-1=libraryContent=browse&editor=tinymce
  [cookie] wp-settings-time-1=1647908665
  [cookie] eccube=60ksma71iep5t428e5399c3g28
  [session] _csrf/Eccube\Form\Type\AddCartType=NwXHg3Hp0OE9IKdvCmskwbCRXXUY0F-TBgMRPXyxyLM
  [session] _csrf/contact=1SBaKjaP0Ld1nQVAEyttOEIpykLlpOMk-P4LbeWdLMM
   [POST, /hotpot/html/index_dev.php/contact?, ::1, http://localhost/hotpot/html/index_dev.php/contact, Mozilla/5.0 (Windows NT 10.0; WOW64) AppleWebKit/537.36 (KHTML, like Gecko) Chrome/99.0.4844.74 Safari/537.36]
[2022-03-22 11:06:16,897912] front.INFO  [445c537d] [b9c8438e] [NULL] [LogListener:onKernelResponse:86] - LOGIC END ["contact"]  [POST, /hotpot/html/index_dev.php/contact?, ::1, http://localhost/hotpot/html/index_dev.php/contact, Mozilla/5.0 (Windows NT 10.0; WOW64) AppleWebKit/537.36 (KHTML, like Gecko) Chrome/99.0.4844.74 Safari/537.36]
[2022-03-22 11:06:16,966811] front.INFO  [445c537d] [b9c8438e] [NULL] [LogListener:onKernelTerminate:95] - PROCESS END ["contact"]  [POST, /hotpot/html/index_dev.php/contact?, ::1, http://localhost/hotpot/html/index_dev.php/contact, Mozilla/5.0 (Windows NT 10.0; WOW64) AppleWebKit/537.36 (KHTML, like Gecko) Chrome/99.0.4844.74 Safari/537.36]
[2022-03-22 11:06:17,480567] front.INFO  [NULL] [0e46168f] [NULL] [LogListener:onKernelRequestEarly:47] - INIT   [GET, /hotpot/html/index_dev.php/_profiler/wdt/431698, ::1, http://localhost/hotpot/html/index_dev.php/contact?, Mozilla/5.0 (Windows NT 10.0; WOW64) AppleWebKit/537.36 (KHTML, like Gecko) Chrome/99.0.4844.74 Safari/537.36]
[2022-03-22 11:06:17,491411] front.INFO  [445c537d] [0e46168f] [NULL] [LogListener:onKernelRequest:60] - PROCESS START ["_wdt"]  [GET, /hotpot/html/index_dev.php/_profiler/wdt/431698, ::1, http://localhost/hotpot/html/index_dev.php/contact?, Mozilla/5.0 (Windows NT 10.0; WOW64) AppleWebKit/537.36 (KHTML, like Gecko) Chrome/99.0.4844.74 Safari/537.36]
[2022-03-22 11:06:17,535761] front.INFO  [445c537d] [0e46168f] [NULL] [LogListener:onKernelController:73] - LOGIC START ["_wdt"]  [GET, /hotpot/html/index_dev.php/_profiler/wdt/431698, ::1, http://localhost/hotpot/html/index_dev.php/contact?, Mozilla/5.0 (Windows NT 10.0; WOW64) AppleWebKit/537.36 (KHTML, like Gecko) Chrome/99.0.4844.74 Safari/537.36]
[2022-03-22 11:06:17,588369] front.INFO  [445c537d] [0e46168f] [NULL] [LogListener:onKernelResponse:86] - LOGIC END ["_wdt"]  [GET, /hotpot/html/index_dev.php/_profiler/wdt/431698, ::1, http://localhost/hotpot/html/index_dev.php/contact?, Mozilla/5.0 (Windows NT 10.0; WOW64) AppleWebKit/537.36 (KHTML, like Gecko) Chrome/99.0.4844.74 Safari/537.36]
[2022-03-22 11:06:17,593241] front.INFO  [445c537d] [0e46168f] [NULL] [LogListener:onKernelTerminate:95] - PROCESS END ["_wdt"]  [GET, /hotpot/html/index_dev.php/_profiler/wdt/431698, ::1, http://localhost/hotpot/html/index_dev.php/contact?, Mozilla/5.0 (Windows NT 10.0; WOW64) AppleWebKit/537.36 (KHTML, like Gecko) Chrome/99.0.4844.74 Safari/537.36]
[2022-03-22 11:06:40,642275] front.INFO  [NULL] [27a30c21] [NULL] [LogListener:onKernelRequestEarly:47] - INIT   [POST, /hotpot/html/index_dev.php/contact?, ::1, http://localhost/hotpot/html/index_dev.php/contact, Mozilla/5.0 (Windows NT 10.0; WOW64) AppleWebKit/537.36 (KHTML, like Gecko) Chrome/99.0.4844.74 Safari/537.36]
[2022-03-22 11:06:40,649751] front.INFO  [445c537d] [27a30c21] [NULL] [LogListener:onKernelRequest:60] - PROCESS START ["contact"]  [POST, /hotpot/html/index_dev.php/contact?, ::1, http://localhost/hotpot/html/index_dev.php/contact, Mozilla/5.0 (Windows NT 10.0; WOW64) AppleWebKit/537.36 (KHTML, like Gecko) Chrome/99.0.4844.74 Safari/537.36]
[2022-03-22 11:06:40,650752] front.DEBUG [445c537d] [27a30c21] [NULL] [log:log_debug:100] - ** before *****************************************:
   REMOTE_ADDR=::1
   SCRIPT_NAME=/hotpot/html/index_dev.php
   PATH_INFO=/contact
   BASE_PATH=/hotpot/html
   BASE_URL=/hotpot/html/index_dev.php
   SCHEME=http
   REMOTE_USER=
   HTTP_HOST=http://localhost
   REQUEST_URI=/hotpot/html/index_dev.php/contact?
   METHOD=POST
   LOCALE=ja
  [header] 0=[a:1:{i:0;s:0:"";}]
  [header] 0=[a:1:{i:0;s:9:"localhost";}]
  [header] 0=[a:1:{i:0;s:10:"keep-alive";}]
  [header] 0=[a:1:{i:0;s:3:"538";}]
  [header] 0=[a:1:{i:0;s:9:"max-age=0";}]
  [header] 0=[a:1:{i:0;s:64:"" Not A;Brand";v="99", "Chromium";v="99", "Google Chrome";v="99"";}]
  [header] 0=[a:1:{i:0;s:2:"?0";}]
  [header] 0=[a:1:{i:0;s:9:""Windows"";}]
  [header] 0=[a:1:{i:0;s:1:"1";}]
  [header] 0=[a:1:{i:0;s:109:"Mozilla/5.0 (Windows NT 10.0; WOW64) AppleWebKit/537.36 (KHTML, like Gecko) Chrome/99.0.4844.74 Safari/537.36";}]
  [header] 0=[a:1:{i:0;s:16:"http://localhost";}]
  [header] 0=[a:1:{i:0;s:33:"application/x-www-form-urlencoded";}]
  [header] 0=[a:1:{i:0;s:135:"text/html,application/xhtml+xml,application/xml;q=0.9,image/avif,image/webp,image/apng,*/*;q=0.8,application/signed-exchange;v=b3;q=0.9";}]
  [header] 0=[a:1:{i:0;s:11:"same-origin";}]
  [header] 0=[a:1:{i:0;s:8:"navigate";}]
  [header] 0=[a:1:{i:0;s:2:"?1";}]
  [header] 0=[a:1:{i:0;s:8:"document";}]
  [header] 0=[a:1:{i:0;s:50:"http://localhost/hotpot/html/index_dev.php/contact";}]
  [header] 0=[a:1:{i:0;s:17:"gzip, deflate, br";}]
  [header] 0=[a:1:{i:0;s:14:"en-US,en;q=0.9";}]
  [header] 0=[a:1:{i:0;s:477:"device_view=full; _ga=GA1.1.459337277.1647398665; tuid=1647908643662; ivt=1; wordpress_test_cookie=WP%20Cookie%20check; wordpress_logged_in_8b5ddd3c5c657069fc24dc37e188dff9=484364_shop3%7C1649118262%7CpTqWfWs4QbNl6vjHODjTwr3in4aQcdxX85HYQXPlazE%7C5ff694699e46b347aa26ac92ff3490785d266d80f183c7b1ce55fdad781ba500; tk_ai=woo%3ApYL%2F0yk0tuytVE20HY8S5%2BYk; wp-settings-1=libraryContent%3Dbrowse%26editor%3Dtinymce; wp-settings-time-1=1647908665; eccube=60ksma71iep5t428e5399c3g28";}]
  [header] 0=[a:1:{i:0;i:1;}]
  [post] type=[a:7:{s:6:"_token";s:43:"1SBaKjaP0Ld1nQVAEyttOEIpykLlpOMk-P4LbeWdLMM";s:4:"name";a:2:{s:6:"name01";s:6:"遠藤";s:6:"name02";s:3:"颯";}s:4:"kana";a:2:{s:6:"kana01";s:9:"エンド";s:6:"kana02";s:9:"ハヤテ";}s:3:"tel";a:3:{s:5:"tel01";s:3:"123";s:5:"tel02";s:4:"1231";s:5:"tel03";s:4:"3123";}s:5:"email";a:2:{s:5:"first";s:22:"luxuryman887@gmail.com";s:6:"second";s:22:"luxuryman887@gmail.com";}s:8:"contents";s:4:"test";s:4:"type";s:1:"1";}]
  [post] mode=complete
  [attributes] _controller=\Eccube\Controller\ContactController::index
  [attributes] _route=contact
  [attributes] _route_params=[a:0:{}]
  [cookie] device_view=full
  [cookie] _ga=GA1.1.459337277.1647398665
  [cookie] tuid=1647908643662
  [cookie] ivt=1
  [cookie] wordpress_test_cookie=WP Cookie check
  [cookie] wordpress_logged_in_8b5ddd3c5c657069fc24dc37e188dff9=484364_shop3|1649118262|pTqWfWs4QbNl6vjHODjTwr3in4aQcdxX85HYQXPlazE|5ff694699e46b347aa26ac92ff3490785d266d80f183c7b1ce55fdad781ba500
  [cookie] tk_ai=woo:pYL/0yk0tuytVE20HY8S5+Yk
  [cookie] wp-settings-1=libraryContent=browse&editor=tinymce
  [cookie] wp-settings-time-1=1647908665
  [cookie] eccube=60ksma71iep5t428e5399c3g28
  [session] _csrf/Eccube\Form\Type\AddCartType=NwXHg3Hp0OE9IKdvCmskwbCRXXUY0F-TBgMRPXyxyLM
  [session] _csrf/contact=1SBaKjaP0Ld1nQVAEyttOEIpykLlpOMk-P4LbeWdLMM
   [POST, /hotpot/html/index_dev.php/contact?, ::1, http://localhost/hotpot/html/index_dev.php/contact, Mozilla/5.0 (Windows NT 10.0; WOW64) AppleWebKit/537.36 (KHTML, like Gecko) Chrome/99.0.4844.74 Safari/537.36]
[2022-03-22 11:06:40,697001] front.INFO  [445c537d] [27a30c21] [NULL] [LogListener:onKernelController:73] - LOGIC START ["contact"]  [POST, /hotpot/html/index_dev.php/contact?, ::1, http://localhost/hotpot/html/index_dev.php/contact, Mozilla/5.0 (Windows NT 10.0; WOW64) AppleWebKit/537.36 (KHTML, like Gecko) Chrome/99.0.4844.74 Safari/537.36]
[2022-03-22 11:06:40,833116] front.INFO  [445c537d] [27a30c21] [NULL] [MailService:sendContactMail:181] - お問い合わせ受付メール送信開始   [POST, /hotpot/html/index_dev.php/contact?, ::1, http://localhost/hotpot/html/index_dev.php/contact, Mozilla/5.0 (Windows NT 10.0; WOW64) AppleWebKit/537.36 (KHTML, like Gecko) Chrome/99.0.4844.74 Safari/537.36]
[2022-03-22 11:06:40,875476] front.ERROR [445c537d] [27a30c21] [NULL] [LogListener:onKernelException:115] - Twig_Error_Syntax: Unexpected token "name" of value "if" ("end of statement block" expected). (uncaught exception) at E:\xampp\htdocs\hotpot\src\Eccube\Resource\template\default\Mail\contact_mail.twig line 46 {"exception":"[object] (Twig_Error_Syntax(code: 0): Unexpected token \"name\" of value \"if\" (\"end of statement block\" expected). at E:\\xampp\\htdocs\\hotpot\\src\\Eccube\\Resource\\template\\default\\Mail\\contact_mail.twig:46)"}  [POST, /hotpot/html/index_dev.php/contact?, ::1, http://localhost/hotpot/html/index_dev.php/contact, Mozilla/5.0 (Windows NT 10.0; WOW64) AppleWebKit/537.36 (KHTML, like Gecko) Chrome/99.0.4844.74 Safari/537.36]
[2022-03-22 11:06:40,889680] front.DEBUG [445c537d] [27a30c21] [NULL] [log:log_debug:100] - ** after *****************************************:
   HTTP_STATUS=500
   REMOTE_ADDR=::1
   SCRIPT_NAME=/hotpot/html/index_dev.php
   PATH_INFO=/contact
   BASE_PATH=/hotpot/html
   BASE_URL=/hotpot/html/index_dev.php
   SCHEME=http
   REMOTE_USER=
   HTTP_HOST=http://localhost
   REQUEST_URI=/hotpot/html/index_dev.php/contact?
   METHOD=POST
   LOCALE=ja
  [header] 0=[a:1:{i:0;s:0:"";}]
  [header] 0=[a:1:{i:0;s:9:"localhost";}]
  [header] 0=[a:1:{i:0;s:10:"keep-alive";}]
  [header] 0=[a:1:{i:0;s:3:"538";}]
  [header] 0=[a:1:{i:0;s:9:"max-age=0";}]
  [header] 0=[a:1:{i:0;s:64:"" Not A;Brand";v="99", "Chromium";v="99", "Google Chrome";v="99"";}]
  [header] 0=[a:1:{i:0;s:2:"?0";}]
  [header] 0=[a:1:{i:0;s:9:""Windows"";}]
  [header] 0=[a:1:{i:0;s:1:"1";}]
  [header] 0=[a:1:{i:0;s:109:"Mozilla/5.0 (Windows NT 10.0; WOW64) AppleWebKit/537.36 (KHTML, like Gecko) Chrome/99.0.4844.74 Safari/537.36";}]
  [header] 0=[a:1:{i:0;s:16:"http://localhost";}]
  [header] 0=[a:1:{i:0;s:33:"application/x-www-form-urlencoded";}]
  [header] 0=[a:1:{i:0;s:135:"text/html,application/xhtml+xml,application/xml;q=0.9,image/avif,image/webp,image/apng,*/*;q=0.8,application/signed-exchange;v=b3;q=0.9";}]
  [header] 0=[a:1:{i:0;s:11:"same-origin";}]
  [header] 0=[a:1:{i:0;s:8:"navigate";}]
  [header] 0=[a:1:{i:0;s:2:"?1";}]
  [header] 0=[a:1:{i:0;s:8:"document";}]
  [header] 0=[a:1:{i:0;s:50:"http://localhost/hotpot/html/index_dev.php/contact";}]
  [header] 0=[a:1:{i:0;s:17:"gzip, deflate, br";}]
  [header] 0=[a:1:{i:0;s:14:"en-US,en;q=0.9";}]
  [header] 0=[a:1:{i:0;s:477:"device_view=full; _ga=GA1.1.459337277.1647398665; tuid=1647908643662; ivt=1; wordpress_test_cookie=WP%20Cookie%20check; wordpress_logged_in_8b5ddd3c5c657069fc24dc37e188dff9=484364_shop3%7C1649118262%7CpTqWfWs4QbNl6vjHODjTwr3in4aQcdxX85HYQXPlazE%7C5ff694699e46b347aa26ac92ff3490785d266d80f183c7b1ce55fdad781ba500; tk_ai=woo%3ApYL%2F0yk0tuytVE20HY8S5%2BYk; wp-settings-1=libraryContent%3Dbrowse%26editor%3Dtinymce; wp-settings-time-1=1647908665; eccube=60ksma71iep5t428e5399c3g28";}]
  [header] 0=[a:1:{i:0;i:1;}]
  [post] type=[a:7:{s:6:"_token";s:43:"1SBaKjaP0Ld1nQVAEyttOEIpykLlpOMk-P4LbeWdLMM";s:4:"name";a:2:{s:6:"name01";s:6:"遠藤";s:6:"name02";s:3:"颯";}s:4:"kana";a:2:{s:6:"kana01";s:9:"エンド";s:6:"kana02";s:9:"ハヤテ";}s:3:"tel";a:3:{s:5:"tel01";s:3:"123";s:5:"tel02";s:4:"1231";s:5:"tel03";s:4:"3123";}s:5:"email";a:2:{s:5:"first";s:22:"luxuryman887@gmail.com";s:6:"second";s:22:"luxuryman887@gmail.com";}s:8:"contents";s:4:"test";s:4:"type";s:1:"1";}]
  [post] mode=complete
  [attributes] _controller=\Eccube\Controller\ContactController::index
  [attributes] _route=contact
  [attributes] _route_params=[a:0:{}]
  [cookie] device_view=full
  [cookie] _ga=GA1.1.459337277.1647398665
  [cookie] tuid=1647908643662
  [cookie] ivt=1
  [cookie] wordpress_test_cookie=WP Cookie check
  [cookie] wordpress_logged_in_8b5ddd3c5c657069fc24dc37e188dff9=484364_shop3|1649118262|pTqWfWs4QbNl6vjHODjTwr3in4aQcdxX85HYQXPlazE|5ff694699e46b347aa26ac92ff3490785d266d80f183c7b1ce55fdad781ba500
  [cookie] tk_ai=woo:pYL/0yk0tuytVE20HY8S5+Yk
  [cookie] wp-settings-1=libraryContent=browse&editor=tinymce
  [cookie] wp-settings-time-1=1647908665
  [cookie] eccube=60ksma71iep5t428e5399c3g28
  [session] _csrf/Eccube\Form\Type\AddCartType=NwXHg3Hp0OE9IKdvCmskwbCRXXUY0F-TBgMRPXyxyLM
  [session] _csrf/contact=1SBaKjaP0Ld1nQVAEyttOEIpykLlpOMk-P4LbeWdLMM
   [POST, /hotpot/html/index_dev.php/contact?, ::1, http://localhost/hotpot/html/index_dev.php/contact, Mozilla/5.0 (Windows NT 10.0; WOW64) AppleWebKit/537.36 (KHTML, like Gecko) Chrome/99.0.4844.74 Safari/537.36]
[2022-03-22 11:06:40,890253] front.INFO  [445c537d] [27a30c21] [NULL] [LogListener:onKernelResponse:86] - LOGIC END ["contact"]  [POST, /hotpot/html/index_dev.php/contact?, ::1, http://localhost/hotpot/html/index_dev.php/contact, Mozilla/5.0 (Windows NT 10.0; WOW64) AppleWebKit/537.36 (KHTML, like Gecko) Chrome/99.0.4844.74 Safari/537.36]
[2022-03-22 11:06:40,956964] front.INFO  [445c537d] [27a30c21] [NULL] [LogListener:onKernelTerminate:95] - PROCESS END ["contact"]  [POST, /hotpot/html/index_dev.php/contact?, ::1, http://localhost/hotpot/html/index_dev.php/contact, Mozilla/5.0 (Windows NT 10.0; WOW64) AppleWebKit/537.36 (KHTML, like Gecko) Chrome/99.0.4844.74 Safari/537.36]
[2022-03-22 11:06:41,463452] front.INFO  [NULL] [5c18a02c] [NULL] [LogListener:onKernelRequestEarly:47] - INIT   [GET, /hotpot/html/index_dev.php/_profiler/wdt/5453be, ::1, http://localhost/hotpot/html/index_dev.php/contact?, Mozilla/5.0 (Windows NT 10.0; WOW64) AppleWebKit/537.36 (KHTML, like Gecko) Chrome/99.0.4844.74 Safari/537.36]
[2022-03-22 11:06:41,474615] front.INFO  [445c537d] [5c18a02c] [NULL] [LogListener:onKernelRequest:60] - PROCESS START ["_wdt"]  [GET, /hotpot/html/index_dev.php/_profiler/wdt/5453be, ::1, http://localhost/hotpot/html/index_dev.php/contact?, Mozilla/5.0 (Windows NT 10.0; WOW64) AppleWebKit/537.36 (KHTML, like Gecko) Chrome/99.0.4844.74 Safari/537.36]
[2022-03-22 11:06:41,518663] front.INFO  [445c537d] [5c18a02c] [NULL] [LogListener:onKernelController:73] - LOGIC START ["_wdt"]  [GET, /hotpot/html/index_dev.php/_profiler/wdt/5453be, ::1, http://localhost/hotpot/html/index_dev.php/contact?, Mozilla/5.0 (Windows NT 10.0; WOW64) AppleWebKit/537.36 (KHTML, like Gecko) Chrome/99.0.4844.74 Safari/537.36]
[2022-03-22 11:06:41,570639] front.INFO  [445c537d] [5c18a02c] [NULL] [LogListener:onKernelResponse:86] - LOGIC END ["_wdt"]  [GET, /hotpot/html/index_dev.php/_profiler/wdt/5453be, ::1, http://localhost/hotpot/html/index_dev.php/contact?, Mozilla/5.0 (Windows NT 10.0; WOW64) AppleWebKit/537.36 (KHTML, like Gecko) Chrome/99.0.4844.74 Safari/537.36]
[2022-03-22 11:06:41,575759] front.INFO  [445c537d] [5c18a02c] [NULL] [LogListener:onKernelTerminate:95] - PROCESS END ["_wdt"]  [GET, /hotpot/html/index_dev.php/_profiler/wdt/5453be, ::1, http://localhost/hotpot/html/index_dev.php/contact?, Mozilla/5.0 (Windows NT 10.0; WOW64) AppleWebKit/537.36 (KHTML, like Gecko) Chrome/99.0.4844.74 Safari/537.36]
[2022-03-22 11:07:06,414217] front.INFO  [NULL] [cb0f85b8] [NULL] [LogListener:onKernelRequestEarly:47] - INIT   [POST, /hotpot/html/index_dev.php/contact?, ::1, http://localhost/hotpot/html/index_dev.php/contact, Mozilla/5.0 (Windows NT 10.0; WOW64) AppleWebKit/537.36 (KHTML, like Gecko) Chrome/99.0.4844.74 Safari/537.36]
[2022-03-22 11:07:06,421767] front.INFO  [445c537d] [cb0f85b8] [NULL] [LogListener:onKernelRequest:60] - PROCESS START ["contact"]  [POST, /hotpot/html/index_dev.php/contact?, ::1, http://localhost/hotpot/html/index_dev.php/contact, Mozilla/5.0 (Windows NT 10.0; WOW64) AppleWebKit/537.36 (KHTML, like Gecko) Chrome/99.0.4844.74 Safari/537.36]
[2022-03-22 11:07:06,468780] front.INFO  [445c537d] [cb0f85b8] [NULL] [LogListener:onKernelController:73] - LOGIC START ["contact"]  [POST, /hotpot/html/index_dev.php/contact?, ::1, http://localhost/hotpot/html/index_dev.php/contact, Mozilla/5.0 (Windows NT 10.0; WOW64) AppleWebKit/537.36 (KHTML, like Gecko) Chrome/99.0.4844.74 Safari/537.36]
[2022-03-22 11:07:06,605050] front.INFO  [445c537d] [cb0f85b8] [NULL] [MailService:sendContactMail:181] - お問い合わせ受付メール送信開始   [POST, /hotpot/html/index_dev.php/contact?, ::1, http://localhost/hotpot/html/index_dev.php/contact, Mozilla/5.0 (Windows NT 10.0; WOW64) AppleWebKit/537.36 (KHTML, like Gecko) Chrome/99.0.4844.74 Safari/537.36]
[2022-03-22 11:07:06,767205] front.INFO  [445c537d] [cb0f85b8] [NULL] [MailService:sendContactMail:210] - お問い合わせ受付メール送信完了 {"count":1}  [POST, /hotpot/html/index_dev.php/contact?, ::1, http://localhost/hotpot/html/index_dev.php/contact, Mozilla/5.0 (Windows NT 10.0; WOW64) AppleWebKit/537.36 (KHTML, like Gecko) Chrome/99.0.4844.74 Safari/537.36]
[2022-03-22 11:07:06,780974] front.INFO  [445c537d] [cb0f85b8] [NULL] [LogListener:onKernelResponse:86] - LOGIC END ["contact"]  [POST, /hotpot/html/index_dev.php/contact?, ::1, http://localhost/hotpot/html/index_dev.php/contact, Mozilla/5.0 (Windows NT 10.0; WOW64) AppleWebKit/537.36 (KHTML, like Gecko) Chrome/99.0.4844.74 Safari/537.36]
[2022-03-22 11:07:06,839859] front.INFO  [445c537d] [cb0f85b8] [NULL] [LogListener:onKernelTerminate:95] - PROCESS END ["contact"]  [POST, /hotpot/html/index_dev.php/contact?, ::1, http://localhost/hotpot/html/index_dev.php/contact, Mozilla/5.0 (Windows NT 10.0; WOW64) AppleWebKit/537.36 (KHTML, like Gecko) Chrome/99.0.4844.74 Safari/537.36]
[2022-03-22 11:07:09,323975] front.INFO  [NULL] [55ec6946] [NULL] [LogListener:onKernelRequestEarly:47] - INIT   [GET, /hotpot/html/index_dev.php/contact/complete, ::1, http://localhost/hotpot/html/index_dev.php/contact, Mozilla/5.0 (Windows NT 10.0; WOW64) AppleWebKit/537.36 (KHTML, like Gecko) Chrome/99.0.4844.74 Safari/537.36]
[2022-03-22 11:07:09,330961] front.INFO  [445c537d] [55ec6946] [NULL] [LogListener:onKernelRequest:60] - PROCESS START ["contact_complete"]  [GET, /hotpot/html/index_dev.php/contact/complete, ::1, http://localhost/hotpot/html/index_dev.php/contact, Mozilla/5.0 (Windows NT 10.0; WOW64) AppleWebKit/537.36 (KHTML, like Gecko) Chrome/99.0.4844.74 Safari/537.36]
[2022-03-22 11:07:09,397217] front.INFO  [445c537d] [55ec6946] [NULL] [LogListener:onKernelController:73] - LOGIC START ["contact_complete"]  [GET, /hotpot/html/index_dev.php/contact/complete, ::1, http://localhost/hotpot/html/index_dev.php/contact, Mozilla/5.0 (Windows NT 10.0; WOW64) AppleWebKit/537.36 (KHTML, like Gecko) Chrome/99.0.4844.74 Safari/537.36]
[2022-03-22 11:07:09,671878] front.INFO  [445c537d] [55ec6946] [NULL] [LogListener:onKernelResponse:86] - LOGIC END ["contact_complete"]  [GET, /hotpot/html/index_dev.php/contact/complete, ::1, http://localhost/hotpot/html/index_dev.php/contact, Mozilla/5.0 (Windows NT 10.0; WOW64) AppleWebKit/537.36 (KHTML, like Gecko) Chrome/99.0.4844.74 Safari/537.36]
[2022-03-22 11:07:09,728085] front.INFO  [445c537d] [55ec6946] [NULL] [LogListener:onKernelTerminate:95] - PROCESS END ["contact_complete"]  [GET, /hotpot/html/index_dev.php/contact/complete, ::1, http://localhost/hotpot/html/index_dev.php/contact, Mozilla/5.0 (Windows NT 10.0; WOW64) AppleWebKit/537.36 (KHTML, like Gecko) Chrome/99.0.4844.74 Safari/537.36]
[2022-03-22 11:07:10,581011] front.INFO  [NULL] [9f750e02] [NULL] [LogListener:onKernelRequestEarly:47] - INIT   [GET, /hotpot/html/index_dev.php/_profiler/wdt/bd20fc, ::1, http://localhost/hotpot/html/index_dev.php/contact/complete, Mozilla/5.0 (Windows NT 10.0; WOW64) AppleWebKit/537.36 (KHTML, like Gecko) Chrome/99.0.4844.74 Safari/537.36]
[2022-03-22 11:07:10,592694] front.INFO  [445c537d] [9f750e02] [NULL] [LogListener:onKernelRequest:60] - PROCESS START ["_wdt"]  [GET, /hotpot/html/index_dev.php/_profiler/wdt/bd20fc, ::1, http://localhost/hotpot/html/index_dev.php/contact/complete, Mozilla/5.0 (Windows NT 10.0; WOW64) AppleWebKit/537.36 (KHTML, like Gecko) Chrome/99.0.4844.74 Safari/537.36]
[2022-03-22 11:07:10,636383] front.INFO  [445c537d] [9f750e02] [NULL] [LogListener:onKernelController:73] - LOGIC START ["_wdt"]  [GET, /hotpot/html/index_dev.php/_profiler/wdt/bd20fc, ::1, http://localhost/hotpot/html/index_dev.php/contact/complete, Mozilla/5.0 (Windows NT 10.0; WOW64) AppleWebKit/537.36 (KHTML, like Gecko) Chrome/99.0.4844.74 Safari/537.36]
[2022-03-22 11:07:10,688632] front.INFO  [445c537d] [9f750e02] [NULL] [LogListener:onKernelResponse:86] - LOGIC END ["_wdt"]  [GET, /hotpot/html/index_dev.php/_profiler/wdt/bd20fc, ::1, http://localhost/hotpot/html/index_dev.php/contact/complete, Mozilla/5.0 (Windows NT 10.0; WOW64) AppleWebKit/537.36 (KHTML, like Gecko) Chrome/99.0.4844.74 Safari/537.36]
[2022-03-22 11:07:10,693611] front.INFO  [445c537d] [9f750e02] [NULL] [LogListener:onKernelTerminate:95] - PROCESS END ["_wdt"]  [GET, /hotpot/html/index_dev.php/_profiler/wdt/bd20fc, ::1, http://localhost/hotpot/html/index_dev.php/contact/complete, Mozilla/5.0 (Windows NT 10.0; WOW64) AppleWebKit/537.36 (KHTML, like Gecko) Chrome/99.0.4844.74 Safari/537.36]
[2022-03-22 11:07:14,131478] front.INFO  [NULL] [7051b4a2] [NULL] [LogListener:onKernelRequestEarly:47] - INIT   [GET, /hotpot/html/user_data/css/style.css.map, ::1, NULL, Mozilla/5.0 (Windows NT 10.0; WOW64) AppleWebKit/537.36 (KHTML, like Gecko) Chrome/99.0.4844.74 Safari/537.36]
[2022-03-22 11:07:14,174703] front.INFO  [NULL] [7051b4a2] [NULL] [LogListener:onKernelException:105] - No route found for "GET /user_data/css/style.css.map" [404]  [GET, /hotpot/html/user_data/css/style.css.map, ::1, NULL, Mozilla/5.0 (Windows NT 10.0; WOW64) AppleWebKit/537.36 (KHTML, like Gecko) Chrome/99.0.4844.74 Safari/537.36]
[2022-03-22 11:07:14,212727] front.INFO  [445c537d] [7051b4a2] [NULL] [LogListener:onKernelResponse:86] - LOGIC END [null]  [GET, /hotpot/html/user_data/css/style.css.map, ::1, NULL, Mozilla/5.0 (Windows NT 10.0; WOW64) AppleWebKit/537.36 (KHTML, like Gecko) Chrome/99.0.4844.74 Safari/537.36]
[2022-03-22 11:07:14,213692] front.INFO  [445c537d] [7051b4a2] [NULL] [LogListener:onKernelTerminate:95] - PROCESS END [null]  [GET, /hotpot/html/user_data/css/style.css.map, ::1, NULL, Mozilla/5.0 (Windows NT 10.0; WOW64) AppleWebKit/537.36 (KHTML, like Gecko) Chrome/99.0.4844.74 Safari/537.36]
[2022-03-22 11:07:42,668081] front.INFO  [NULL] [e32afe5f] [NULL] [LogListener:onKernelRequestEarly:47] - INIT   [GET, /hotpot/html/user_data/css/style.css.map, ::1, NULL, Mozilla/5.0 (Windows NT 10.0; WOW64) AppleWebKit/537.36 (KHTML, like Gecko) Chrome/99.0.4844.74 Safari/537.36]
[2022-03-22 11:07:42,678106] front.INFO  [NULL] [e32afe5f] [NULL] [LogListener:onKernelException:105] - No route found for "GET /user_data/css/style.css.map" [404]  [GET, /hotpot/html/user_data/css/style.css.map, ::1, NULL, Mozilla/5.0 (Windows NT 10.0; WOW64) AppleWebKit/537.36 (KHTML, like Gecko) Chrome/99.0.4844.74 Safari/537.36]
[2022-03-22 11:07:42,721270] front.INFO  [445c537d] [e32afe5f] [NULL] [LogListener:onKernelResponse:86] - LOGIC END [null]  [GET, /hotpot/html/user_data/css/style.css.map, ::1, NULL, Mozilla/5.0 (Windows NT 10.0; WOW64) AppleWebKit/537.36 (KHTML, like Gecko) Chrome/99.0.4844.74 Safari/537.36]
[2022-03-22 11:07:42,724053] front.INFO  [445c537d] [e32afe5f] [NULL] [LogListener:onKernelTerminate:95] - PROCESS END [null]  [GET, /hotpot/html/user_data/css/style.css.map, ::1, NULL, Mozilla/5.0 (Windows NT 10.0; WOW64) AppleWebKit/537.36 (KHTML, like Gecko) Chrome/99.0.4844.74 Safari/537.36]
[2022-03-22 11:08:51,373803] front.INFO  [NULL] [14441520] [NULL] [LogListener:onKernelRequestEarly:47] - INIT   [GET, /hotpot/html/index_dev.php/kkkk, ::1, NULL, Mozilla/5.0 (Windows NT 10.0; WOW64) AppleWebKit/537.36 (KHTML, like Gecko) Chrome/99.0.4844.74 Safari/537.36]
[2022-03-22 11:08:51,385039] front.INFO  [445c537d] [14441520] [NULL] [LogListener:onKernelRequest:60] - PROCESS START [null]  [GET, /hotpot/html/index_dev.php/kkkk, ::1, NULL, Mozilla/5.0 (Windows NT 10.0; WOW64) AppleWebKit/537.36 (KHTML, like Gecko) Chrome/99.0.4844.74 Safari/537.36]
[2022-03-22 11:08:51,426913] front.INFO  [445c537d] [14441520] [NULL] [LogListener:onKernelController:73] - LOGIC START [null]  [GET, /hotpot/html/index_dev.php/kkkk, ::1, NULL, Mozilla/5.0 (Windows NT 10.0; WOW64) AppleWebKit/537.36 (KHTML, like Gecko) Chrome/99.0.4844.74 Safari/537.36]
[2022-03-22 11:08:51,431295] front.INFO  [445c537d] [14441520] [NULL] [LogListener:onKernelResponse:86] - LOGIC END [null]  [GET, /hotpot/html/index_dev.php/kkkk, ::1, NULL, Mozilla/5.0 (Windows NT 10.0; WOW64) AppleWebKit/537.36 (KHTML, like Gecko) Chrome/99.0.4844.74 Safari/537.36]
[2022-03-22 11:08:51,489426] front.INFO  [445c537d] [14441520] [NULL] [LogListener:onKernelTerminate:95] - PROCESS END [null]  [GET, /hotpot/html/index_dev.php/kkkk, ::1, NULL, Mozilla/5.0 (Windows NT 10.0; WOW64) AppleWebKit/537.36 (KHTML, like Gecko) Chrome/99.0.4844.74 Safari/537.36]
[2022-03-22 11:08:53,603004] front.INFO  [NULL] [670843f2] [NULL] [LogListener:onKernelRequestEarly:47] - INIT   [GET, /hotpot/html/index_dev.php/_profiler/wdt/773c1a, ::1, http://localhost/hotpot/html/index_dev.php/kkkk/, Mozilla/5.0 (Windows NT 10.0; WOW64) AppleWebKit/537.36 (KHTML, like Gecko) Chrome/99.0.4844.74 Safari/537.36]
[2022-03-22 11:08:53,617623] front.INFO  [445c537d] [670843f2] [NULL] [LogListener:onKernelRequest:60] - PROCESS START ["_wdt"]  [GET, /hotpot/html/index_dev.php/_profiler/wdt/773c1a, ::1, http://localhost/hotpot/html/index_dev.php/kkkk/, Mozilla/5.0 (Windows NT 10.0; WOW64) AppleWebKit/537.36 (KHTML, like Gecko) Chrome/99.0.4844.74 Safari/537.36]
[2022-03-22 11:08:53,668952] front.INFO  [445c537d] [670843f2] [NULL] [LogListener:onKernelController:73] - LOGIC START ["_wdt"]  [GET, /hotpot/html/index_dev.php/_profiler/wdt/773c1a, ::1, http://localhost/hotpot/html/index_dev.php/kkkk/, Mozilla/5.0 (Windows NT 10.0; WOW64) AppleWebKit/537.36 (KHTML, like Gecko) Chrome/99.0.4844.74 Safari/537.36]
[2022-03-22 11:08:53,731042] front.INFO  [445c537d] [670843f2] [NULL] [LogListener:onKernelResponse:86] - LOGIC END ["_wdt"]  [GET, /hotpot/html/index_dev.php/_profiler/wdt/773c1a, ::1, http://localhost/hotpot/html/index_dev.php/kkkk/, Mozilla/5.0 (Windows NT 10.0; WOW64) AppleWebKit/537.36 (KHTML, like Gecko) Chrome/99.0.4844.74 Safari/537.36]
[2022-03-22 11:08:53,737119] front.INFO  [445c537d] [670843f2] [NULL] [LogListener:onKernelTerminate:95] - PROCESS END ["_wdt"]  [GET, /hotpot/html/index_dev.php/_profiler/wdt/773c1a, ::1, http://localhost/hotpot/html/index_dev.php/kkkk/, Mozilla/5.0 (Windows NT 10.0; WOW64) AppleWebKit/537.36 (KHTML, like Gecko) Chrome/99.0.4844.74 Safari/537.36]
[2022-03-22 11:08:56,266235] front.INFO  [NULL] [59a4e335] [NULL] [LogListener:onKernelRequestEarly:47] - INIT   [GET, /hotpot/html/index_dev.php/_profiler/wdt/aa3d3d, ::1, http://localhost/hotpot/html/index_dev.php/kkkk/login, Mozilla/5.0 (Windows NT 10.0; WOW64) AppleWebKit/537.36 (KHTML, like Gecko) Chrome/99.0.4844.74 Safari/537.36]
[2022-03-22 11:08:56,278536] front.INFO  [445c537d] [59a4e335] [NULL] [LogListener:onKernelRequest:60] - PROCESS START ["_wdt"]  [GET, /hotpot/html/index_dev.php/_profiler/wdt/aa3d3d, ::1, http://localhost/hotpot/html/index_dev.php/kkkk/login, Mozilla/5.0 (Windows NT 10.0; WOW64) AppleWebKit/537.36 (KHTML, like Gecko) Chrome/99.0.4844.74 Safari/537.36]
[2022-03-22 11:08:56,329431] front.INFO  [445c537d] [59a4e335] [NULL] [LogListener:onKernelController:73] - LOGIC START ["_wdt"]  [GET, /hotpot/html/index_dev.php/_profiler/wdt/aa3d3d, ::1, http://localhost/hotpot/html/index_dev.php/kkkk/login, Mozilla/5.0 (Windows NT 10.0; WOW64) AppleWebKit/537.36 (KHTML, like Gecko) Chrome/99.0.4844.74 Safari/537.36]
[2022-03-22 11:08:56,384755] front.INFO  [445c537d] [59a4e335] [NULL] [LogListener:onKernelResponse:86] - LOGIC END ["_wdt"]  [GET, /hotpot/html/index_dev.php/_profiler/wdt/aa3d3d, ::1, http://localhost/hotpot/html/index_dev.php/kkkk/login, Mozilla/5.0 (Windows NT 10.0; WOW64) AppleWebKit/537.36 (KHTML, like Gecko) Chrome/99.0.4844.74 Safari/537.36]
[2022-03-22 11:08:56,392712] front.INFO  [445c537d] [59a4e335] [NULL] [LogListener:onKernelTerminate:95] - PROCESS END ["_wdt"]  [GET, /hotpot/html/index_dev.php/_profiler/wdt/aa3d3d, ::1, http://localhost/hotpot/html/index_dev.php/kkkk/login, Mozilla/5.0 (Windows NT 10.0; WOW64) AppleWebKit/537.36 (KHTML, like Gecko) Chrome/99.0.4844.74 Safari/537.36]
[2022-03-22 11:09:12,212914] front.INFO  [NULL] [58dd7758] [NULL] [LogListener:onKernelRequestEarly:47] - INIT   [GET, /hotpot/html/index_dev.php/_profiler/wdt/dad7a9, ::1, http://localhost/hotpot/html/index_dev.php/kkkk/login, Mozilla/5.0 (Windows NT 10.0; WOW64) AppleWebKit/537.36 (KHTML, like Gecko) Chrome/99.0.4844.74 Safari/537.36]
[2022-03-22 11:09:12,226059] front.INFO  [445c537d] [58dd7758] [NULL] [LogListener:onKernelRequest:60] - PROCESS START ["_wdt"]  [GET, /hotpot/html/index_dev.php/_profiler/wdt/dad7a9, ::1, http://localhost/hotpot/html/index_dev.php/kkkk/login, Mozilla/5.0 (Windows NT 10.0; WOW64) AppleWebKit/537.36 (KHTML, like Gecko) Chrome/99.0.4844.74 Safari/537.36]
[2022-03-22 11:09:12,276087] front.INFO  [445c537d] [58dd7758] [NULL] [LogListener:onKernelController:73] - LOGIC START ["_wdt"]  [GET, /hotpot/html/index_dev.php/_profiler/wdt/dad7a9, ::1, http://localhost/hotpot/html/index_dev.php/kkkk/login, Mozilla/5.0 (Windows NT 10.0; WOW64) AppleWebKit/537.36 (KHTML, like Gecko) Chrome/99.0.4844.74 Safari/537.36]
[2022-03-22 11:09:12,344904] front.INFO  [445c537d] [58dd7758] [NULL] [LogListener:onKernelResponse:86] - LOGIC END ["_wdt"]  [GET, /hotpot/html/index_dev.php/_profiler/wdt/dad7a9, ::1, http://localhost/hotpot/html/index_dev.php/kkkk/login, Mozilla/5.0 (Windows NT 10.0; WOW64) AppleWebKit/537.36 (KHTML, like Gecko) Chrome/99.0.4844.74 Safari/537.36]
[2022-03-22 11:09:12,350331] front.INFO  [445c537d] [58dd7758] [NULL] [LogListener:onKernelTerminate:95] - PROCESS END ["_wdt"]  [GET, /hotpot/html/index_dev.php/_profiler/wdt/dad7a9, ::1, http://localhost/hotpot/html/index_dev.php/kkkk/login, Mozilla/5.0 (Windows NT 10.0; WOW64) AppleWebKit/537.36 (KHTML, like Gecko) Chrome/99.0.4844.74 Safari/537.36]
[2022-03-22 11:09:17,094795] front.INFO  [NULL] [52c92f68] [NULL] [LogListener:onKernelRequestEarly:47] - INIT   [GET, /hotpot/html/kkkk, ::1, NULL, Mozilla/5.0 (Windows NT 10.0; WOW64) AppleWebKit/537.36 (KHTML, like Gecko) Chrome/99.0.4844.74 Safari/537.36]
[2022-03-22 11:09:17,105829] front.INFO  [445c537d] [52c92f68] [NULL] [LogListener:onKernelRequest:60] - PROCESS START [null]  [GET, /hotpot/html/kkkk, ::1, NULL, Mozilla/5.0 (Windows NT 10.0; WOW64) AppleWebKit/537.36 (KHTML, like Gecko) Chrome/99.0.4844.74 Safari/537.36]
[2022-03-22 11:09:17,176173] front.INFO  [445c537d] [52c92f68] [NULL] [LogListener:onKernelController:73] - LOGIC START [null]  [GET, /hotpot/html/kkkk, ::1, NULL, Mozilla/5.0 (Windows NT 10.0; WOW64) AppleWebKit/537.36 (KHTML, like Gecko) Chrome/99.0.4844.74 Safari/537.36]
[2022-03-22 11:09:17,178839] front.INFO  [445c537d] [52c92f68] [NULL] [LogListener:onKernelResponse:86] - LOGIC END [null]  [GET, /hotpot/html/kkkk, ::1, NULL, Mozilla/5.0 (Windows NT 10.0; WOW64) AppleWebKit/537.36 (KHTML, like Gecko) Chrome/99.0.4844.74 Safari/537.36]
[2022-03-22 11:09:17,180093] front.INFO  [445c537d] [52c92f68] [NULL] [LogListener:onKernelTerminate:95] - PROCESS END [null]  [GET, /hotpot/html/kkkk, ::1, NULL, Mozilla/5.0 (Windows NT 10.0; WOW64) AppleWebKit/537.36 (KHTML, like Gecko) Chrome/99.0.4844.74 Safari/537.36]
[2022-03-22 11:09:47,015098] front.INFO  [NULL] [585bfef1] [NULL] [LogListener:onKernelRequestEarly:47] - INIT   [GET, /hotpot/html/, ::1, http://localhost/hotpot/html/kkkk/content/cache, Mozilla/5.0 (Windows NT 10.0; WOW64) AppleWebKit/537.36 (KHTML, like Gecko) Chrome/99.0.4844.74 Safari/537.36]
[2022-03-22 11:09:47,021618] front.INFO  [9e2dbd71] [585bfef1] [NULL] [LogListener:onKernelRequest:60] - PROCESS START ["homepage"]  [GET, /hotpot/html/, ::1, http://localhost/hotpot/html/kkkk/content/cache, Mozilla/5.0 (Windows NT 10.0; WOW64) AppleWebKit/537.36 (KHTML, like Gecko) Chrome/99.0.4844.74 Safari/537.36]
[2022-03-22 11:09:47,103175] front.INFO  [9e2dbd71] [585bfef1] [NULL] [LogListener:onKernelController:73] - LOGIC START ["homepage"]  [GET, /hotpot/html/, ::1, http://localhost/hotpot/html/kkkk/content/cache, Mozilla/5.0 (Windows NT 10.0; WOW64) AppleWebKit/537.36 (KHTML, like Gecko) Chrome/99.0.4844.74 Safari/537.36]
[2022-03-22 11:09:47,782486] front.INFO  [9e2dbd71] [585bfef1] [NULL] [LogListener:onKernelResponse:86] - LOGIC END ["homepage"]  [GET, /hotpot/html/, ::1, http://localhost/hotpot/html/kkkk/content/cache, Mozilla/5.0 (Windows NT 10.0; WOW64) AppleWebKit/537.36 (KHTML, like Gecko) Chrome/99.0.4844.74 Safari/537.36]
[2022-03-22 11:09:47,784225] front.INFO  [9e2dbd71] [585bfef1] [NULL] [LogListener:onKernelTerminate:95] - PROCESS END ["homepage"]  [GET, /hotpot/html/, ::1, http://localhost/hotpot/html/kkkk/content/cache, Mozilla/5.0 (Windows NT 10.0; WOW64) AppleWebKit/537.36 (KHTML, like Gecko) Chrome/99.0.4844.74 Safari/537.36]
[2022-03-22 11:09:50,662159] front.INFO  [NULL] [66479605] [NULL] [LogListener:onKernelRequestEarly:47] - INIT   [GET, /hotpot/html/contact, ::1, http://localhost/hotpot/html/, Mozilla/5.0 (Windows NT 10.0; WOW64) AppleWebKit/537.36 (KHTML, like Gecko) Chrome/99.0.4844.74 Safari/537.36]
[2022-03-22 11:09:50,668468] front.INFO  [9e2dbd71] [66479605] [NULL] [LogListener:onKernelRequest:60] - PROCESS START ["contact"]  [GET, /hotpot/html/contact, ::1, http://localhost/hotpot/html/, Mozilla/5.0 (Windows NT 10.0; WOW64) AppleWebKit/537.36 (KHTML, like Gecko) Chrome/99.0.4844.74 Safari/537.36]
[2022-03-22 11:09:50,741818] front.INFO  [9e2dbd71] [66479605] [NULL] [LogListener:onKernelController:73] - LOGIC START ["contact"]  [GET, /hotpot/html/contact, ::1, http://localhost/hotpot/html/, Mozilla/5.0 (Windows NT 10.0; WOW64) AppleWebKit/537.36 (KHTML, like Gecko) Chrome/99.0.4844.74 Safari/537.36]
[2022-03-22 11:09:50,989099] front.INFO  [9e2dbd71] [66479605] [NULL] [LogListener:onKernelResponse:86] - LOGIC END ["contact"]  [GET, /hotpot/html/contact, ::1, http://localhost/hotpot/html/, Mozilla/5.0 (Windows NT 10.0; WOW64) AppleWebKit/537.36 (KHTML, like Gecko) Chrome/99.0.4844.74 Safari/537.36]
[2022-03-22 11:09:50,990545] front.INFO  [9e2dbd71] [66479605] [NULL] [LogListener:onKernelTerminate:95] - PROCESS END ["contact"]  [GET, /hotpot/html/contact, ::1, http://localhost/hotpot/html/, Mozilla/5.0 (Windows NT 10.0; WOW64) AppleWebKit/537.36 (KHTML, like Gecko) Chrome/99.0.4844.74 Safari/537.36]
[2022-03-22 11:10:11,220022] front.INFO  [NULL] [650c6f8d] [NULL] [LogListener:onKernelRequestEarly:47] - INIT   [POST, /hotpot/html/contact, ::1, http://localhost/hotpot/html/contact, Mozilla/5.0 (Windows NT 10.0; WOW64) AppleWebKit/537.36 (KHTML, like Gecko) Chrome/99.0.4844.74 Safari/537.36]
[2022-03-22 11:10:11,227834] front.INFO  [9e2dbd71] [650c6f8d] [NULL] [LogListener:onKernelRequest:60] - PROCESS START ["contact"]  [POST, /hotpot/html/contact, ::1, http://localhost/hotpot/html/contact, Mozilla/5.0 (Windows NT 10.0; WOW64) AppleWebKit/537.36 (KHTML, like Gecko) Chrome/99.0.4844.74 Safari/537.36]
[2022-03-22 11:10:11,298657] front.INFO  [9e2dbd71] [650c6f8d] [NULL] [LogListener:onKernelController:73] - LOGIC START ["contact"]  [POST, /hotpot/html/contact, ::1, http://localhost/hotpot/html/contact, Mozilla/5.0 (Windows NT 10.0; WOW64) AppleWebKit/537.36 (KHTML, like Gecko) Chrome/99.0.4844.74 Safari/537.36]
[2022-03-22 11:10:11,533352] front.INFO  [9e2dbd71] [650c6f8d] [NULL] [LogListener:onKernelResponse:86] - LOGIC END ["contact"]  [POST, /hotpot/html/contact, ::1, http://localhost/hotpot/html/contact, Mozilla/5.0 (Windows NT 10.0; WOW64) AppleWebKit/537.36 (KHTML, like Gecko) Chrome/99.0.4844.74 Safari/537.36]
[2022-03-22 11:10:11,534813] front.INFO  [9e2dbd71] [650c6f8d] [NULL] [LogListener:onKernelTerminate:95] - PROCESS END ["contact"]  [POST, /hotpot/html/contact, ::1, http://localhost/hotpot/html/contact, Mozilla/5.0 (Windows NT 10.0; WOW64) AppleWebKit/537.36 (KHTML, like Gecko) Chrome/99.0.4844.74 Safari/537.36]
[2022-03-22 11:10:16,489303] front.INFO  [NULL] [4bdfb3b0] [NULL] [LogListener:onKernelRequestEarly:47] - INIT   [GET, /hotpot/html/user_data/css/style.css.map, ::1, NULL, Mozilla/5.0 (Windows NT 10.0; WOW64) AppleWebKit/537.36 (KHTML, like Gecko) Chrome/99.0.4844.74 Safari/537.36]
[2022-03-22 11:10:16,500532] front.INFO  [NULL] [4bdfb3b0] [NULL] [LogListener:onKernelException:105] - No route found for "GET /user_data/css/style.css.map" [404]  [GET, /hotpot/html/user_data/css/style.css.map, ::1, NULL, Mozilla/5.0 (Windows NT 10.0; WOW64) AppleWebKit/537.36 (KHTML, like Gecko) Chrome/99.0.4844.74 Safari/537.36]
[2022-03-22 11:10:16,593575] front.INFO  [9e2dbd71] [4bdfb3b0] [NULL] [LogListener:onKernelResponse:86] - LOGIC END [null]  [GET, /hotpot/html/user_data/css/style.css.map, ::1, NULL, Mozilla/5.0 (Windows NT 10.0; WOW64) AppleWebKit/537.36 (KHTML, like Gecko) Chrome/99.0.4844.74 Safari/537.36]
[2022-03-22 11:10:16,594407] front.INFO  [9e2dbd71] [4bdfb3b0] [NULL] [LogListener:onKernelTerminate:95] - PROCESS END [null]  [GET, /hotpot/html/user_data/css/style.css.map, ::1, NULL, Mozilla/5.0 (Windows NT 10.0; WOW64) AppleWebKit/537.36 (KHTML, like Gecko) Chrome/99.0.4844.74 Safari/537.36]
[2022-03-22 11:10:31,201111] front.INFO  [NULL] [eaa3fdca] [NULL] [LogListener:onKernelRequestEarly:47] - INIT   [POST, /hotpot/html/contact, ::1, http://localhost/hotpot/html/contact, Mozilla/5.0 (Windows NT 10.0; WOW64) AppleWebKit/537.36 (KHTML, like Gecko) Chrome/99.0.4844.74 Safari/537.36]
[2022-03-22 11:10:31,208669] front.INFO  [9e2dbd71] [eaa3fdca] [NULL] [LogListener:onKernelRequest:60] - PROCESS START ["contact"]  [POST, /hotpot/html/contact, ::1, http://localhost/hotpot/html/contact, Mozilla/5.0 (Windows NT 10.0; WOW64) AppleWebKit/537.36 (KHTML, like Gecko) Chrome/99.0.4844.74 Safari/537.36]
[2022-03-22 11:10:31,281143] front.INFO  [9e2dbd71] [eaa3fdca] [NULL] [LogListener:onKernelController:73] - LOGIC START ["contact"]  [POST, /hotpot/html/contact, ::1, http://localhost/hotpot/html/contact, Mozilla/5.0 (Windows NT 10.0; WOW64) AppleWebKit/537.36 (KHTML, like Gecko) Chrome/99.0.4844.74 Safari/537.36]
[2022-03-22 11:10:31,469386] front.INFO  [9e2dbd71] [eaa3fdca] [NULL] [LogListener:onKernelResponse:86] - LOGIC END ["contact"]  [POST, /hotpot/html/contact, ::1, http://localhost/hotpot/html/contact, Mozilla/5.0 (Windows NT 10.0; WOW64) AppleWebKit/537.36 (KHTML, like Gecko) Chrome/99.0.4844.74 Safari/537.36]
[2022-03-22 11:10:31,471626] front.INFO  [9e2dbd71] [eaa3fdca] [NULL] [LogListener:onKernelTerminate:95] - PROCESS END ["contact"]  [POST, /hotpot/html/contact, ::1, http://localhost/hotpot/html/contact, Mozilla/5.0 (Windows NT 10.0; WOW64) AppleWebKit/537.36 (KHTML, like Gecko) Chrome/99.0.4844.74 Safari/537.36]
[2022-03-22 11:10:32,747320] front.INFO  [NULL] [88e0a37c] [NULL] [LogListener:onKernelRequestEarly:47] - INIT   [GET, /hotpot/html/user_data/css/style.css.map, ::1, NULL, Mozilla/5.0 (Windows NT 10.0; WOW64) AppleWebKit/537.36 (KHTML, like Gecko) Chrome/99.0.4844.74 Safari/537.36]
[2022-03-22 11:10:32,757561] front.INFO  [NULL] [88e0a37c] [NULL] [LogListener:onKernelException:105] - No route found for "GET /user_data/css/style.css.map" [404]  [GET, /hotpot/html/user_data/css/style.css.map, ::1, NULL, Mozilla/5.0 (Windows NT 10.0; WOW64) AppleWebKit/537.36 (KHTML, like Gecko) Chrome/99.0.4844.74 Safari/537.36]
[2022-03-22 11:10:32,810140] front.INFO  [9e2dbd71] [88e0a37c] [NULL] [LogListener:onKernelResponse:86] - LOGIC END [null]  [GET, /hotpot/html/user_data/css/style.css.map, ::1, NULL, Mozilla/5.0 (Windows NT 10.0; WOW64) AppleWebKit/537.36 (KHTML, like Gecko) Chrome/99.0.4844.74 Safari/537.36]
[2022-03-22 11:10:32,811446] front.INFO  [9e2dbd71] [88e0a37c] [NULL] [LogListener:onKernelTerminate:95] - PROCESS END [null]  [GET, /hotpot/html/user_data/css/style.css.map, ::1, NULL, Mozilla/5.0 (Windows NT 10.0; WOW64) AppleWebKit/537.36 (KHTML, like Gecko) Chrome/99.0.4844.74 Safari/537.36]
[2022-03-22 11:12:22,642700] front.INFO  [NULL] [69e772da] [NULL] [LogListener:onKernelRequestEarly:47] - INIT   [POST, /hotpot/html/contact?, ::1, http://localhost/hotpot/html/contact, Mozilla/5.0 (Windows NT 10.0; WOW64) AppleWebKit/537.36 (KHTML, like Gecko) Chrome/99.0.4844.74 Safari/537.36]
[2022-03-22 11:12:22,649955] front.INFO  [9e2dbd71] [69e772da] [NULL] [LogListener:onKernelRequest:60] - PROCESS START ["contact"]  [POST, /hotpot/html/contact?, ::1, http://localhost/hotpot/html/contact, Mozilla/5.0 (Windows NT 10.0; WOW64) AppleWebKit/537.36 (KHTML, like Gecko) Chrome/99.0.4844.74 Safari/537.36]
[2022-03-22 11:12:22,722801] front.INFO  [9e2dbd71] [69e772da] [NULL] [LogListener:onKernelController:73] - LOGIC START ["contact"]  [POST, /hotpot/html/contact?, ::1, http://localhost/hotpot/html/contact, Mozilla/5.0 (Windows NT 10.0; WOW64) AppleWebKit/537.36 (KHTML, like Gecko) Chrome/99.0.4844.74 Safari/537.36]
[2022-03-22 11:12:22,857666] front.INFO  [9e2dbd71] [69e772da] [NULL] [MailService:sendContactMail:181] - お問い合わせ受付メール送信開始   [POST, /hotpot/html/contact?, ::1, http://localhost/hotpot/html/contact, Mozilla/5.0 (Windows NT 10.0; WOW64) AppleWebKit/537.36 (KHTML, like Gecko) Chrome/99.0.4844.74 Safari/537.36]
[2022-03-22 11:12:22,932887] front.INFO  [9e2dbd71] [69e772da] [NULL] [MailService:sendContactMail:210] - お問い合わせ受付メール送信完了 {"count":1}  [POST, /hotpot/html/contact?, ::1, http://localhost/hotpot/html/contact, Mozilla/5.0 (Windows NT 10.0; WOW64) AppleWebKit/537.36 (KHTML, like Gecko) Chrome/99.0.4844.74 Safari/537.36]
[2022-03-22 11:12:22,936206] front.INFO  [9e2dbd71] [69e772da] [NULL] [LogListener:onKernelResponse:86] - LOGIC END ["contact"]  [POST, /hotpot/html/contact?, ::1, http://localhost/hotpot/html/contact, Mozilla/5.0 (Windows NT 10.0; WOW64) AppleWebKit/537.36 (KHTML, like Gecko) Chrome/99.0.4844.74 Safari/537.36]
[2022-03-22 11:12:22,939223] front.INFO  [9e2dbd71] [69e772da] [NULL] [LogListener:onKernelTerminate:95] - PROCESS END ["contact"]  [POST, /hotpot/html/contact?, ::1, http://localhost/hotpot/html/contact, Mozilla/5.0 (Windows NT 10.0; WOW64) AppleWebKit/537.36 (KHTML, like Gecko) Chrome/99.0.4844.74 Safari/537.36]
[2022-03-22 11:12:25,332112] front.INFO  [NULL] [c320c045] [NULL] [LogListener:onKernelRequestEarly:47] - INIT   [GET, /hotpot/html/contact/complete, ::1, http://localhost/hotpot/html/contact, Mozilla/5.0 (Windows NT 10.0; WOW64) AppleWebKit/537.36 (KHTML, like Gecko) Chrome/99.0.4844.74 Safari/537.36]
[2022-03-22 11:12:25,338927] front.INFO  [9e2dbd71] [c320c045] [NULL] [LogListener:onKernelRequest:60] - PROCESS START ["contact_complete"]  [GET, /hotpot/html/contact/complete, ::1, http://localhost/hotpot/html/contact, Mozilla/5.0 (Windows NT 10.0; WOW64) AppleWebKit/537.36 (KHTML, like Gecko) Chrome/99.0.4844.74 Safari/537.36]
[2022-03-22 11:12:25,410363] front.INFO  [9e2dbd71] [c320c045] [NULL] [LogListener:onKernelController:73] - LOGIC START ["contact_complete"]  [GET, /hotpot/html/contact/complete, ::1, http://localhost/hotpot/html/contact, Mozilla/5.0 (Windows NT 10.0; WOW64) AppleWebKit/537.36 (KHTML, like Gecko) Chrome/99.0.4844.74 Safari/537.36]
[2022-03-22 11:12:25,586030] front.INFO  [9e2dbd71] [c320c045] [NULL] [LogListener:onKernelResponse:86] - LOGIC END ["contact_complete"]  [GET, /hotpot/html/contact/complete, ::1, http://localhost/hotpot/html/contact, Mozilla/5.0 (Windows NT 10.0; WOW64) AppleWebKit/537.36 (KHTML, like Gecko) Chrome/99.0.4844.74 Safari/537.36]
[2022-03-22 11:12:25,587975] front.INFO  [9e2dbd71] [c320c045] [NULL] [LogListener:onKernelTerminate:95] - PROCESS END ["contact_complete"]  [GET, /hotpot/html/contact/complete, ::1, http://localhost/hotpot/html/contact, Mozilla/5.0 (Windows NT 10.0; WOW64) AppleWebKit/537.36 (KHTML, like Gecko) Chrome/99.0.4844.74 Safari/537.36]
[2022-03-22 11:12:26,195274] front.INFO  [NULL] [6755e807] [NULL] [LogListener:onKernelRequestEarly:47] - INIT   [GET, /hotpot/html/user_data/css/style.css.map, ::1, NULL, Mozilla/5.0 (Windows NT 10.0; WOW64) AppleWebKit/537.36 (KHTML, like Gecko) Chrome/99.0.4844.74 Safari/537.36]
[2022-03-22 11:12:26,203200] front.INFO  [NULL] [6755e807] [NULL] [LogListener:onKernelException:105] - No route found for "GET /user_data/css/style.css.map" [404]  [GET, /hotpot/html/user_data/css/style.css.map, ::1, NULL, Mozilla/5.0 (Windows NT 10.0; WOW64) AppleWebKit/537.36 (KHTML, like Gecko) Chrome/99.0.4844.74 Safari/537.36]
[2022-03-22 11:12:26,245973] front.INFO  [9e2dbd71] [6755e807] [NULL] [LogListener:onKernelResponse:86] - LOGIC END [null]  [GET, /hotpot/html/user_data/css/style.css.map, ::1, NULL, Mozilla/5.0 (Windows NT 10.0; WOW64) AppleWebKit/537.36 (KHTML, like Gecko) Chrome/99.0.4844.74 Safari/537.36]
[2022-03-22 11:12:26,246902] front.INFO  [9e2dbd71] [6755e807] [NULL] [LogListener:onKernelTerminate:95] - PROCESS END [null]  [GET, /hotpot/html/user_data/css/style.css.map, ::1, NULL, Mozilla/5.0 (Windows NT 10.0; WOW64) AppleWebKit/537.36 (KHTML, like Gecko) Chrome/99.0.4844.74 Safari/537.36]
[2022-03-22 11:12:27,451373] front.INFO  [NULL] [5d5f1a1f] [NULL] [LogListener:onKernelRequestEarly:47] - INIT   [GET, /hotpot/html/, ::1, http://localhost/hotpot/html/contact/complete, Mozilla/5.0 (Windows NT 10.0; WOW64) AppleWebKit/537.36 (KHTML, like Gecko) Chrome/99.0.4844.74 Safari/537.36]
[2022-03-22 11:12:27,458653] front.INFO  [9e2dbd71] [5d5f1a1f] [NULL] [LogListener:onKernelRequest:60] - PROCESS START ["homepage"]  [GET, /hotpot/html/, ::1, http://localhost/hotpot/html/contact/complete, Mozilla/5.0 (Windows NT 10.0; WOW64) AppleWebKit/537.36 (KHTML, like Gecko) Chrome/99.0.4844.74 Safari/537.36]
[2022-03-22 11:12:27,533449] front.INFO  [9e2dbd71] [5d5f1a1f] [NULL] [LogListener:onKernelController:73] - LOGIC START ["homepage"]  [GET, /hotpot/html/, ::1, http://localhost/hotpot/html/contact/complete, Mozilla/5.0 (Windows NT 10.0; WOW64) AppleWebKit/537.36 (KHTML, like Gecko) Chrome/99.0.4844.74 Safari/537.36]
[2022-03-22 11:12:27,845952] front.INFO  [9e2dbd71] [5d5f1a1f] [NULL] [LogListener:onKernelResponse:86] - LOGIC END ["homepage"]  [GET, /hotpot/html/, ::1, http://localhost/hotpot/html/contact/complete, Mozilla/5.0 (Windows NT 10.0; WOW64) AppleWebKit/537.36 (KHTML, like Gecko) Chrome/99.0.4844.74 Safari/537.36]
[2022-03-22 11:12:27,847807] front.INFO  [9e2dbd71] [5d5f1a1f] [NULL] [LogListener:onKernelTerminate:95] - PROCESS END ["homepage"]  [GET, /hotpot/html/, ::1, http://localhost/hotpot/html/contact/complete, Mozilla/5.0 (Windows NT 10.0; WOW64) AppleWebKit/537.36 (KHTML, like Gecko) Chrome/99.0.4844.74 Safari/537.36]
[2022-03-22 11:12:28,665868] front.INFO  [NULL] [fd9c27c4] [NULL] [LogListener:onKernelRequestEarly:47] - INIT   [GET, /hotpot/html/user_data/css/style.css.map, ::1, NULL, Mozilla/5.0 (Windows NT 10.0; WOW64) AppleWebKit/537.36 (KHTML, like Gecko) Chrome/99.0.4844.74 Safari/537.36]
[2022-03-22 11:12:28,675367] front.INFO  [NULL] [fd9c27c4] [NULL] [LogListener:onKernelException:105] - No route found for "GET /user_data/css/style.css.map" [404]  [GET, /hotpot/html/user_data/css/style.css.map, ::1, NULL, Mozilla/5.0 (Windows NT 10.0; WOW64) AppleWebKit/537.36 (KHTML, like Gecko) Chrome/99.0.4844.74 Safari/537.36]
[2022-03-22 11:12:28,723639] front.INFO  [9e2dbd71] [fd9c27c4] [NULL] [LogListener:onKernelResponse:86] - LOGIC END [null]  [GET, /hotpot/html/user_data/css/style.css.map, ::1, NULL, Mozilla/5.0 (Windows NT 10.0; WOW64) AppleWebKit/537.36 (KHTML, like Gecko) Chrome/99.0.4844.74 Safari/537.36]
[2022-03-22 11:12:28,724933] front.INFO  [9e2dbd71] [fd9c27c4] [NULL] [LogListener:onKernelTerminate:95] - PROCESS END [null]  [GET, /hotpot/html/user_data/css/style.css.map, ::1, NULL, Mozilla/5.0 (Windows NT 10.0; WOW64) AppleWebKit/537.36 (KHTML, like Gecko) Chrome/99.0.4844.74 Safari/537.36]
