[2022-03-02 01:06:04] myapp.INFO: Matched route "install". {"route_parameters":{"_controller":"\\Eccube\\Controller\\Install\\InstallController::index","_route":"install"},"request_uri":"https://bb-qtarou.com/hotpot/html/install.php/"} []
[2022-03-02 01:06:04] myapp.INFO: > GET /hotpot/html/install.php [] []
[2022-03-02 01:06:04] myapp.INFO: < 302 /hotpot/html/install.php/step1 [] []
[2022-03-02 01:06:04] myapp.INFO: Matched route "install_step1". {"route_parameters":{"_controller":"\\Eccube\\Controller\\Install\\InstallController::step1","_route":"install_step1"},"request_uri":"https://bb-qtarou.com/hotpot/html/install.php/step1"} []
[2022-03-02 01:06:04] myapp.INFO: > GET /hotpot/html/install.php/step1 [] []
[2022-03-02 01:06:05] myapp.INFO: < 200 [] []
[2022-03-02 01:06:25] myapp.INFO: Matched route "install_step1". {"route_parameters":{"_controller":"\\Eccube\\Controller\\Install\\InstallController::step1","_route":"install_step1"},"request_uri":"https://bb-qtarou.com/hotpot/html/install.php/step1"} []
[2022-03-02 01:06:25] myapp.INFO: > GET /hotpot/html/install.php/step1 [] []
[2022-03-02 01:06:25] myapp.INFO: < 200 [] []
[2022-03-02 01:12:16] myapp.INFO: Matched route "install_step1". {"route_parameters":{"_controller":"\\Eccube\\Controller\\Install\\InstallController::step1","_route":"install_step1"},"request_uri":"https://bb-qtarou.com/hotpot/html/install.php/step1"} []
[2022-03-02 01:12:16] myapp.INFO: > POST /hotpot/html/install.php/step1 [] []
[2022-03-02 01:12:16] myapp.INFO: < 302 /hotpot/html/install.php/step2 [] []
[2022-03-02 01:12:16] myapp.INFO: Matched route "install_step2". {"route_parameters":{"_controller":"\\Eccube\\Controller\\Install\\InstallController::step2","_route":"install_step2"},"request_uri":"https://bb-qtarou.com/hotpot/html/install.php/step2"} []
[2022-03-02 01:12:16] myapp.INFO: > GET /hotpot/html/install.php/step2 [] []
[2022-03-02 01:12:16] myapp.INFO: < 200 [] []
[2022-03-02 01:12:18] myapp.INFO: Matched route "install_step3". {"route_parameters":{"_controller":"\\Eccube\\Controller\\Install\\InstallController::step3","_route":"install_step3"},"request_uri":"https://bb-qtarou.com/hotpot/html/install.php/step3"} []
[2022-03-02 01:12:18] myapp.INFO: > GET /hotpot/html/install.php/step3 [] []
[2022-03-02 01:12:18] myapp.INFO: < 200 [] []
[2022-03-02 01:13:02] myapp.INFO: Matched route "install_step3". {"route_parameters":{"_controller":"\\Eccube\\Controller\\Install\\InstallController::step3","_route":"install_step3"},"request_uri":"https://bb-qtarou.com/hotpot/html/install.php/step3"} []
[2022-03-02 01:13:02] myapp.INFO: > POST /hotpot/html/install.php/step3 [] []
[2022-03-02 01:13:02] myapp.INFO: < 302 /hotpot/html/install.php/step4 [] []
[2022-03-02 01:13:02] myapp.INFO: Matched route "install_step4". {"route_parameters":{"_controller":"\\Eccube\\Controller\\Install\\InstallController::step4","_route":"install_step4"},"request_uri":"https://bb-qtarou.com/hotpot/html/install.php/step4"} []
[2022-03-02 01:13:02] myapp.INFO: > GET /hotpot/html/install.php/step4 [] []
[2022-03-02 01:13:02] myapp.INFO: < 200 [] []
[2022-03-02 01:13:16] myapp.INFO: Matched route "install_step4". {"route_parameters":{"_controller":"\\Eccube\\Controller\\Install\\InstallController::step4","_route":"install_step4"},"request_uri":"https://bb-qtarou.com/hotpot/html/install.php/step4"} []
[2022-03-02 01:13:16] myapp.INFO: > POST /hotpot/html/install.php/step4 [] []
[2022-03-02 01:13:17] myapp.INFO: < 302 /hotpot/html/install.php/step5 [] []
[2022-03-02 01:13:17] myapp.INFO: Matched route "install_step5". {"route_parameters":{"_controller":"\\Eccube\\Controller\\Install\\InstallController::step5","_route":"install_step5"},"request_uri":"https://bb-qtarou.com/hotpot/html/install.php/step5"} []
[2022-03-02 01:13:17] myapp.INFO: > GET /hotpot/html/install.php/step5 [] []
[2022-03-02 01:13:17] myapp.INFO: < 200 [] []
[2022-03-02 01:13:19] myapp.INFO: Matched route "install_step5". {"route_parameters":{"_controller":"\\Eccube\\Controller\\Install\\InstallController::step5","_route":"install_step5"},"request_uri":"https://bb-qtarou.com/hotpot/html/install.php/step5"} []
[2022-03-02 01:13:19] myapp.INFO: > POST /hotpot/html/install.php/step5 [] []
[2022-03-02 01:13:19] myapp.INFO: < 302 /hotpot/html/install.php/complete [] []
[2022-03-02 01:13:20] myapp.INFO: Matched route "install_complete". {"route_parameters":{"_controller":"\\Eccube\\Controller\\Install\\InstallController::complete","_route":"install_complete"},"request_uri":"https://bb-qtarou.com/hotpot/html/install.php/complete"} []
[2022-03-02 01:13:20] myapp.INFO: > GET /hotpot/html/install.php/complete [] []
[2022-03-02 01:13:20] myapp.INFO: < 200 [] []
